<?xml version="1.0" encoding="UTF-8"?>
<robot generator="Robot 5.0.1 (Python 3.10.5 on win32)" generated="20221013 11:46:38.427" rpa="false" schemaversion="3">
<suite id="s1" name="amazonTest" source="C:\Users\Mert\Desktop\AmazonRobotFramework\test\amazonTest.robot">
<test id="s1-t1" name="home cover photo change" line="9">
<kw name="create session" library="utilsApp" type="SETUP">
<kw name="Set Selenium Speed" library="SeleniumLibrary">
<arg>0.1 seconds</arg>
<doc>Sets the delay that is waited after each Selenium command.</doc>
<status status="PASS" starttime="20221013 11:46:38.700" endtime="20221013 11:46:38.700"/>
</kw>
<kw name="Open Browser" library="SeleniumLibrary">
<arg>about:blank</arg>
<arg>chrome</arg>
<doc>Opens a new browser instance to the optional ``url``.</doc>
<msg timestamp="20221013 11:46:38.701" level="INFO">Opening browser 'chrome' to base url 'about:blank'.</msg>
<status status="PASS" starttime="20221013 11:46:38.701" endtime="20221013 11:46:40.208"/>
</kw>
<kw name="Maximize Browser Window" library="SeleniumLibrary">
<doc>Maximizes current browser window.</doc>
<status status="PASS" starttime="20221013 11:46:40.209" endtime="20221013 11:46:40.456"/>
</kw>
<status status="PASS" starttime="20221013 11:46:38.700" endtime="20221013 11:46:40.456"/>
</kw>
<kw name="home cover photo change combine" library="amazonHomepageApp">
<kw name="go to homepage" library="amazonHomepage">
<kw name="Go To" library="SeleniumLibrary">
<arg>${URL}</arg>
<doc>Navigates the current browser window to the provided ``url``.</doc>
<msg timestamp="20221013 11:46:40.458" level="INFO">Opening url 'https://www.amazon.com.tr/'</msg>
<status status="PASS" starttime="20221013 11:46:40.457" endtime="20221013 11:46:46.083"/>
</kw>
<status status="PASS" starttime="20221013 11:46:40.457" endtime="20221013 11:46:46.084"/>
</kw>
<kw name="home cover photo change click and photo control" library="amazonHomepage">
<kw name="cookie" library="utils">
<try>
<branch type="TRY">
<kw name="Wait Until Element Is Visible" library="SeleniumLibrary">
<arg>${cookie}</arg>
<doc>Waits until the element ``locator`` is visible.</doc>
<status status="PASS" starttime="20221013 11:46:46.087" endtime="20221013 11:46:46.350"/>
</kw>
<kw name="Click Element" library="SeleniumLibrary">
<arg>${cookie}</arg>
<doc>Click the element identified by ``locator``.</doc>
<msg timestamp="20221013 11:46:46.350" level="INFO">Clicking element 'css=input[id='sp-cc-accept']'.</msg>
<status status="PASS" starttime="20221013 11:46:46.350" endtime="20221013 11:46:46.646"/>
</kw>
<status status="PASS" starttime="20221013 11:46:46.087" endtime="20221013 11:46:46.646"/>
</branch>
<branch type="EXCEPT">
<kw name="Wait Until Element Is Not Visible" library="SeleniumLibrary">
<arg>${cookie}</arg>
<doc>Waits until the element ``locator`` is not visible.</doc>
<status status="NOT RUN" starttime="20221013 11:46:46.646" endtime="20221013 11:46:46.647"/>
</kw>
<status status="NOT RUN" starttime="20221013 11:46:46.646" endtime="20221013 11:46:46.647"/>
</branch>
<status status="PASS" starttime="20221013 11:46:46.087" endtime="20221013 11:46:46.647"/>
</try>
<status status="PASS" starttime="20221013 11:46:46.087" endtime="20221013 11:46:46.647"/>
</kw>
<kw name="Get WebElements" library="SeleniumLibrary">
<var>@{photoButtonsList}</var>
<arg>${photoButtons}</arg>
<doc>Returns a list of WebElement objects matching the ``locator``.</doc>
<msg timestamp="20221013 11:46:46.770" level="INFO">@{photoButtonsList} = [ &lt;selenium.webdriver.remote.webelement.WebElement (session="10ad53cc3453e8f3477a389b0d3497a7", element="7251f418-ad94-43d9-ad14-d1887f92c65c")&gt; | &lt;selenium.webdriver.remote.webelement.WebElement (ses...</msg>
<status status="PASS" starttime="20221013 11:46:46.647" endtime="20221013 11:46:46.770"/>
</kw>
<kw name="Get WebElements" library="SeleniumLibrary">
<var>@{photoCardList}</var>
<arg>${photoCard}</arg>
<doc>Returns a list of WebElement objects matching the ``locator``.</doc>
<msg timestamp="20221013 11:46:46.895" level="INFO">@{photoCardList} = [ &lt;selenium.webdriver.remote.webelement.WebElement (session="10ad53cc3453e8f3477a389b0d3497a7", element="be811043-aded-4bdd-a052-e5a50e4b53b3")&gt; | &lt;selenium.webdriver.remote.webelement.WebElement (ses...</msg>
<status status="PASS" starttime="20221013 11:46:46.770" endtime="20221013 11:46:46.895"/>
</kw>
<kw name="Get Length" library="BuiltIn">
<var>${SIZECARD}</var>
<arg>${photoCardList}</arg>
<doc>Returns and logs the length of the given item as an integer.</doc>
<msg timestamp="20221013 11:46:46.896" level="INFO">Length is 6</msg>
<msg timestamp="20221013 11:46:46.896" level="INFO">${SIZECARD} = 6</msg>
<status status="PASS" starttime="20221013 11:46:46.895" endtime="20221013 11:46:46.896"/>
</kw>
<kw name="Get Length" library="BuiltIn">
<var>${SIZEBUTTON}</var>
<arg>${photoButtonsList}</arg>
<doc>Returns and logs the length of the given item as an integer.</doc>
<msg timestamp="20221013 11:46:46.896" level="INFO">Length is 2</msg>
<msg timestamp="20221013 11:46:46.896" level="INFO">${SIZEBUTTON} = 2</msg>
<status status="PASS" starttime="20221013 11:46:46.896" endtime="20221013 11:46:46.896"/>
</kw>
<for flavor="IN">
<var>${COUNTER}</var>
<value>0</value>
<value>${SIZEBUTTON-1}</value>
<iter>
<var name="${COUNTER}">0</var>
<for flavor="IN RANGE">
<var>${INDEX}</var>
<value>1</value>
<value>${SIZECARD}</value>
<iter>
<var name="${INDEX}">1</var>
<kw name="Set Variable" library="BuiltIn">
<var>${COUNT}</var>
<arg>0</arg>
<doc>Returns the given values which can then be assigned to a variables.</doc>
<msg timestamp="20221013 11:46:46.897" level="INFO">${COUNT} = 0</msg>
<status status="PASS" starttime="20221013 11:46:46.897" endtime="20221013 11:46:46.897"/>
</kw>
<while condition="${COUNT}&lt;1">
<iter>
<try>
<branch type="TRY">
<kw name="cookie" library="utils">
<try>
<branch type="TRY">
<kw name="Wait Until Element Is Visible" library="SeleniumLibrary">
<arg>${cookie}</arg>
<doc>Waits until the element ``locator`` is visible.</doc>
<msg timestamp="20221013 11:46:52.751" level="INFO" html="true">&lt;/td&gt;&lt;/tr&gt;&lt;tr&gt;&lt;td colspan="3"&gt;&lt;a href="selenium-screenshot-143.png"&gt;&lt;img src="selenium-screenshot-143.png" width="800px"&gt;&lt;/a&gt;</msg>
<msg timestamp="20221013 11:46:52.751" level="FAIL">Element 'css=input[id='sp-cc-accept']' not visible after 5 seconds.</msg>
<status status="FAIL" starttime="20221013 11:46:46.898" endtime="20221013 11:46:52.751"/>
</kw>
<kw name="Click Element" library="SeleniumLibrary">
<arg>${cookie}</arg>
<doc>Click the element identified by ``locator``.</doc>
<status status="NOT RUN" starttime="20221013 11:46:52.751" endtime="20221013 11:46:52.751"/>
</kw>
<status status="FAIL" starttime="20221013 11:46:46.898" endtime="20221013 11:46:52.751"/>
</branch>
<branch type="EXCEPT">
<kw name="Wait Until Element Is Not Visible" library="SeleniumLibrary">
<arg>${cookie}</arg>
<doc>Waits until the element ``locator`` is not visible.</doc>
<status status="PASS" starttime="20221013 11:46:52.751" endtime="20221013 11:46:52.876"/>
</kw>
<status status="PASS" starttime="20221013 11:46:52.751" endtime="20221013 11:46:52.876"/>
</branch>
<status status="PASS" starttime="20221013 11:46:46.898" endtime="20221013 11:46:52.876"/>
</try>
<status status="PASS" starttime="20221013 11:46:46.898" endtime="20221013 11:46:52.876"/>
</kw>
<kw name="Get WebElements" library="SeleniumLibrary">
<var>@{photoCardList}</var>
<arg>${photoCard}</arg>
<doc>Returns a list of WebElement objects matching the ``locator``.</doc>
<msg timestamp="20221013 11:46:52.985" level="INFO">@{photoCardList} = [ &lt;selenium.webdriver.remote.webelement.WebElement (session="10ad53cc3453e8f3477a389b0d3497a7", element="397468f1-763a-4432-bdcf-83a5b282dc72")&gt; | &lt;selenium.webdriver.remote.webelement.WebElement (ses...</msg>
<status status="PASS" starttime="20221013 11:46:52.876" endtime="20221013 11:46:52.985"/>
</kw>
<kw name="attribute" library="utils">
<var>${value}</var>
<arg>${photoValue}</arg>
<arg>value</arg>
<kw name="Set Variable" library="BuiltIn">
<var>${COUNT}</var>
<arg>0</arg>
<doc>Returns the given values which can then be assigned to a variables.</doc>
<msg timestamp="20221013 11:46:52.985" level="INFO">${COUNT} = 0</msg>
<status status="PASS" starttime="20221013 11:46:52.985" endtime="20221013 11:46:52.985"/>
</kw>
<while condition="${COUNT}&lt;1">
<iter>
<kw name="Get Element Attribute" library="SeleniumLibrary">
<var>${value}</var>
<arg>${LOCATOR}</arg>
<arg>${TYPE}</arg>
<doc>Returns the value of ``attribute`` from the element ``locator``.</doc>
<msg timestamp="20221013 11:46:53.204" level="INFO">${value} = 2</msg>
<status status="PASS" starttime="20221013 11:46:52.985" endtime="20221013 11:46:53.204"/>
</kw>
<try>
<branch type="TRY">
<kw name="Convert To Integer" library="BuiltIn">
<var>${value}</var>
<arg>${value}</arg>
<doc>Converts the given item to an integer number.</doc>
<msg timestamp="20221013 11:46:53.204" level="INFO">${value} = 2</msg>
<status status="PASS" starttime="20221013 11:46:53.204" endtime="20221013 11:46:53.204"/>
</kw>
<kw name="Should Be Equal" library="BuiltIn">
<arg>${value}</arg>
<arg>${EMPTY}</arg>
<doc>Fails if the given objects are unequal.</doc>
<msg timestamp="20221013 11:46:53.204" level="INFO">Argument types are:
&lt;class 'int'&gt;
&lt;class 'str'&gt;</msg>
<msg timestamp="20221013 11:46:53.204" level="FAIL">2 != </msg>
<status status="FAIL" starttime="20221013 11:46:53.204" endtime="20221013 11:46:53.204"/>
</kw>
<status status="FAIL" starttime="20221013 11:46:53.204" endtime="20221013 11:46:53.204"/>
</branch>
<branch type="EXCEPT">
<kw name="Set Variable" library="BuiltIn">
<var>${COUNT}</var>
<arg>1</arg>
<doc>Returns the given values which can then be assigned to a variables.</doc>
<msg timestamp="20221013 11:46:53.204" level="INFO">${COUNT} = 1</msg>
<status status="PASS" starttime="20221013 11:46:53.204" endtime="20221013 11:46:53.204"/>
</kw>
<status status="PASS" starttime="20221013 11:46:53.204" endtime="20221013 11:46:53.204"/>
</branch>
<status status="PASS" starttime="20221013 11:46:53.204" endtime="20221013 11:46:53.204"/>
</try>
<status status="PASS" starttime="20221013 11:46:52.985" endtime="20221013 11:46:53.204"/>
</iter>
<status status="PASS" starttime="20221013 11:46:52.985" endtime="20221013 11:46:53.204"/>
</while>
<msg timestamp="20221013 11:46:53.204" level="INFO">${value} = 2</msg>
<status status="PASS" starttime="20221013 11:46:52.985" endtime="20221013 11:46:53.204"/>
</kw>
<kw name="Convert To Integer" library="BuiltIn">
<var>${value}</var>
<arg>${value}</arg>
<doc>Converts the given item to an integer number.</doc>
<msg timestamp="20221013 11:46:53.204" level="INFO">${value} = 2</msg>
<status status="PASS" starttime="20221013 11:46:53.204" endtime="20221013 11:46:53.204"/>
</kw>
<kw name="Should Be Equal" library="BuiltIn">
<arg>${value}</arg>
<arg>${INDEX}</arg>
<doc>Fails if the given objects are unequal.</doc>
<msg timestamp="20221013 11:46:53.204" level="FAIL">2 != 1</msg>
<status status="FAIL" starttime="20221013 11:46:53.204" endtime="20221013 11:46:53.204"/>
</kw>
<kw name="Get Location" library="SeleniumLibrary">
<var>${GETURL}</var>
<doc>Returns the current browser window URL.</doc>
<status status="NOT RUN" starttime="20221013 11:46:53.204" endtime="20221013 11:46:53.204"/>
</kw>
<kw name="Wait Until Element Is Visible" library="SeleniumLibrary">
<arg>${photoClickButton}</arg>
<doc>Waits until the element ``locator`` is visible.</doc>
<status status="NOT RUN" starttime="20221013 11:46:53.204" endtime="20221013 11:46:53.204"/>
</kw>
<kw name="Click Element" library="SeleniumLibrary">
<arg>${photoClickButton}</arg>
<doc>Click the element identified by ``locator``.</doc>
<status status="NOT RUN" starttime="20221013 11:46:53.204" endtime="20221013 11:46:53.204"/>
</kw>
<kw name="Get Location" library="SeleniumLibrary">
<var>${GETURL1}</var>
<doc>Returns the current browser window URL.</doc>
<status status="NOT RUN" starttime="20221013 11:46:53.204" endtime="20221013 11:46:53.204"/>
</kw>
<kw name="Go Back" library="SeleniumLibrary">
<doc>Simulates the user clicking the back button on their browser.</doc>
<status status="NOT RUN" starttime="20221013 11:46:53.204" endtime="20221013 11:46:53.204"/>
</kw>
<kw name="Should Not Be Equal" library="BuiltIn">
<arg>${GETURL}</arg>
<arg>${GETURL1}</arg>
<doc>Fails if the given objects are equal.</doc>
<status status="NOT RUN" starttime="20221013 11:46:53.204" endtime="20221013 11:46:53.204"/>
</kw>
<kw name="Set Variable" library="BuiltIn">
<var>${COUNT}</var>
<arg>1</arg>
<doc>Returns the given values which can then be assigned to a variables.</doc>
<status status="NOT RUN" starttime="20221013 11:46:53.204" endtime="20221013 11:46:53.204"/>
</kw>
<status status="FAIL" starttime="20221013 11:46:46.898" endtime="20221013 11:46:53.204"/>
</branch>
<branch type="EXCEPT">
<kw name="Get WebElements" library="SeleniumLibrary">
<var>@{photoButtonsList}</var>
<arg>${photoButtons}</arg>
<doc>Returns a list of WebElement objects matching the ``locator``.</doc>
<msg timestamp="20221013 11:46:53.329" level="INFO">@{photoButtonsList} = [ &lt;selenium.webdriver.remote.webelement.WebElement (session="10ad53cc3453e8f3477a389b0d3497a7", element="7251f418-ad94-43d9-ad14-d1887f92c65c")&gt; | &lt;selenium.webdriver.remote.webelement.WebElement (ses...</msg>
<status status="PASS" starttime="20221013 11:46:53.204" endtime="20221013 11:46:53.329"/>
</kw>
<kw name="Click Element" library="SeleniumLibrary">
<arg>${photoButtonsList}[${COUNTER}]</arg>
<doc>Click the element identified by ``locator``.</doc>
<msg timestamp="20221013 11:46:53.329" level="INFO">Clicking element '&lt;selenium.webdriver.remote.webelement.WebElement (session="10ad53cc3453e8f3477a389b0d3497a7", element="7251f418-ad94-43d9-ad14-d1887f92c65c")&gt;'.</msg>
<status status="PASS" starttime="20221013 11:46:53.329" endtime="20221013 11:46:53.693"/>
</kw>
<status status="PASS" starttime="20221013 11:46:53.204" endtime="20221013 11:46:53.693"/>
</branch>
<status status="PASS" starttime="20221013 11:46:46.898" endtime="20221013 11:46:53.693"/>
</try>
<status status="PASS" starttime="20221013 11:46:46.898" endtime="20221013 11:46:53.693"/>
</iter>
<iter>
<try>
<branch type="TRY">
<kw name="cookie" library="utils">
<try>
<branch type="TRY">
<kw name="Wait Until Element Is Visible" library="SeleniumLibrary">
<arg>${cookie}</arg>
<doc>Waits until the element ``locator`` is visible.</doc>
<msg timestamp="20221013 11:46:59.177" level="INFO" html="true">&lt;/td&gt;&lt;/tr&gt;&lt;tr&gt;&lt;td colspan="3"&gt;&lt;a href="selenium-screenshot-144.png"&gt;&lt;img src="selenium-screenshot-144.png" width="800px"&gt;&lt;/a&gt;</msg>
<msg timestamp="20221013 11:46:59.178" level="FAIL">Element 'css=input[id='sp-cc-accept']' not visible after 5 seconds.</msg>
<status status="FAIL" starttime="20221013 11:46:53.693" endtime="20221013 11:46:59.178"/>
</kw>
<kw name="Click Element" library="SeleniumLibrary">
<arg>${cookie}</arg>
<doc>Click the element identified by ``locator``.</doc>
<status status="NOT RUN" starttime="20221013 11:46:59.179" endtime="20221013 11:46:59.179"/>
</kw>
<status status="FAIL" starttime="20221013 11:46:53.693" endtime="20221013 11:46:59.179"/>
</branch>
<branch type="EXCEPT">
<kw name="Wait Until Element Is Not Visible" library="SeleniumLibrary">
<arg>${cookie}</arg>
<doc>Waits until the element ``locator`` is not visible.</doc>
<status status="PASS" starttime="20221013 11:46:59.179" endtime="20221013 11:46:59.295"/>
</kw>
<status status="PASS" starttime="20221013 11:46:59.179" endtime="20221013 11:46:59.295"/>
</branch>
<status status="PASS" starttime="20221013 11:46:53.693" endtime="20221013 11:46:59.295"/>
</try>
<status status="PASS" starttime="20221013 11:46:53.693" endtime="20221013 11:46:59.295"/>
</kw>
<kw name="Get WebElements" library="SeleniumLibrary">
<var>@{photoCardList}</var>
<arg>${photoCard}</arg>
<doc>Returns a list of WebElement objects matching the ``locator``.</doc>
<msg timestamp="20221013 11:46:59.407" level="INFO">@{photoCardList} = [ &lt;selenium.webdriver.remote.webelement.WebElement (session="10ad53cc3453e8f3477a389b0d3497a7", element="be811043-aded-4bdd-a052-e5a50e4b53b3")&gt; | &lt;selenium.webdriver.remote.webelement.WebElement (ses...</msg>
<status status="PASS" starttime="20221013 11:46:59.295" endtime="20221013 11:46:59.407"/>
</kw>
<kw name="attribute" library="utils">
<var>${value}</var>
<arg>${photoValue}</arg>
<arg>value</arg>
<kw name="Set Variable" library="BuiltIn">
<var>${COUNT}</var>
<arg>0</arg>
<doc>Returns the given values which can then be assigned to a variables.</doc>
<msg timestamp="20221013 11:46:59.408" level="INFO">${COUNT} = 0</msg>
<status status="PASS" starttime="20221013 11:46:59.408" endtime="20221013 11:46:59.408"/>
</kw>
<while condition="${COUNT}&lt;1">
<iter>
<kw name="Get Element Attribute" library="SeleniumLibrary">
<var>${value}</var>
<arg>${LOCATOR}</arg>
<arg>${TYPE}</arg>
<doc>Returns the value of ``attribute`` from the element ``locator``.</doc>
<msg timestamp="20221013 11:46:59.644" level="INFO">${value} = 1</msg>
<status status="PASS" starttime="20221013 11:46:59.408" endtime="20221013 11:46:59.644"/>
</kw>
<try>
<branch type="TRY">
<kw name="Convert To Integer" library="BuiltIn">
<var>${value}</var>
<arg>${value}</arg>
<doc>Converts the given item to an integer number.</doc>
<msg timestamp="20221013 11:46:59.645" level="INFO">${value} = 1</msg>
<status status="PASS" starttime="20221013 11:46:59.645" endtime="20221013 11:46:59.645"/>
</kw>
<kw name="Should Be Equal" library="BuiltIn">
<arg>${value}</arg>
<arg>${EMPTY}</arg>
<doc>Fails if the given objects are unequal.</doc>
<msg timestamp="20221013 11:46:59.647" level="INFO">Argument types are:
&lt;class 'int'&gt;
&lt;class 'str'&gt;</msg>
<msg timestamp="20221013 11:46:59.648" level="FAIL">1 != </msg>
<status status="FAIL" starttime="20221013 11:46:59.646" endtime="20221013 11:46:59.648"/>
</kw>
<status status="FAIL" starttime="20221013 11:46:59.644" endtime="20221013 11:46:59.649"/>
</branch>
<branch type="EXCEPT">
<kw name="Set Variable" library="BuiltIn">
<var>${COUNT}</var>
<arg>1</arg>
<doc>Returns the given values which can then be assigned to a variables.</doc>
<msg timestamp="20221013 11:46:59.650" level="INFO">${COUNT} = 1</msg>
<status status="PASS" starttime="20221013 11:46:59.649" endtime="20221013 11:46:59.650"/>
</kw>
<status status="PASS" starttime="20221013 11:46:59.649" endtime="20221013 11:46:59.650"/>
</branch>
<status status="PASS" starttime="20221013 11:46:59.644" endtime="20221013 11:46:59.650"/>
</try>
<status status="PASS" starttime="20221013 11:46:59.408" endtime="20221013 11:46:59.650"/>
</iter>
<status status="PASS" starttime="20221013 11:46:59.408" endtime="20221013 11:46:59.650"/>
</while>
<msg timestamp="20221013 11:46:59.650" level="INFO">${value} = 1</msg>
<status status="PASS" starttime="20221013 11:46:59.407" endtime="20221013 11:46:59.650"/>
</kw>
<kw name="Convert To Integer" library="BuiltIn">
<var>${value}</var>
<arg>${value}</arg>
<doc>Converts the given item to an integer number.</doc>
<msg timestamp="20221013 11:46:59.651" level="INFO">${value} = 1</msg>
<status status="PASS" starttime="20221013 11:46:59.651" endtime="20221013 11:46:59.651"/>
</kw>
<kw name="Should Be Equal" library="BuiltIn">
<arg>${value}</arg>
<arg>${INDEX}</arg>
<doc>Fails if the given objects are unequal.</doc>
<status status="PASS" starttime="20221013 11:46:59.651" endtime="20221013 11:46:59.652"/>
</kw>
<kw name="Get Location" library="SeleniumLibrary">
<var>${GETURL}</var>
<doc>Returns the current browser window URL.</doc>
<msg timestamp="20221013 11:46:59.770" level="INFO">${GETURL} = https://www.amazon.com.tr/</msg>
<status status="PASS" starttime="20221013 11:46:59.652" endtime="20221013 11:46:59.770"/>
</kw>
<kw name="Wait Until Element Is Visible" library="SeleniumLibrary">
<arg>${photoClickButton}</arg>
<doc>Waits until the element ``locator`` is visible.</doc>
<status status="PASS" starttime="20221013 11:46:59.770" endtime="20221013 11:47:00.008"/>
</kw>
<kw name="Click Element" library="SeleniumLibrary">
<arg>${photoClickButton}</arg>
<doc>Click the element identified by ``locator``.</doc>
<msg timestamp="20221013 11:47:00.009" level="INFO">Clicking element 'css=div[class='a-row a-carousel-controls a-carousel-row a-carousel-has-buttons a-carousel-overlay-buttons a-carousel-rounded-buttons']'.</msg>
<status status="PASS" starttime="20221013 11:47:00.008" endtime="20221013 11:47:01.162"/>
</kw>
<kw name="Get Location" library="SeleniumLibrary">
<var>${GETURL1}</var>
<doc>Returns the current browser window URL.</doc>
<msg timestamp="20221013 11:47:01.273" level="INFO">${GETURL1} = https://www.amazon.com.tr/earlyaccess/?pf_rd_r=VJJXCNZZMAZY67A4DAX6&amp;pf_rd_p=45d76555-80b4-4bff-9339-1e38bf9683c5&amp;pd_rd_r=e95a858b-5c25-4605-abba-6099aaaeb091&amp;pd_rd_w=A4WDh&amp;pd_rd_wg=7VkIa&amp;ref_=pd_gw_un...</msg>
<status status="PASS" starttime="20221013 11:47:01.162" endtime="20221013 11:47:01.273"/>
</kw>
<kw name="Go Back" library="SeleniumLibrary">
<doc>Simulates the user clicking the back button on their browser.</doc>
<status status="PASS" starttime="20221013 11:47:01.273" endtime="20221013 11:47:01.989"/>
</kw>
<kw name="Should Not Be Equal" library="BuiltIn">
<arg>${GETURL}</arg>
<arg>${GETURL1}</arg>
<doc>Fails if the given objects are equal.</doc>
<status status="PASS" starttime="20221013 11:47:01.989" endtime="20221013 11:47:01.989"/>
</kw>
<kw name="Set Variable" library="BuiltIn">
<var>${COUNT}</var>
<arg>1</arg>
<doc>Returns the given values which can then be assigned to a variables.</doc>
<msg timestamp="20221013 11:47:01.990" level="INFO">${COUNT} = 1</msg>
<status status="PASS" starttime="20221013 11:47:01.989" endtime="20221013 11:47:01.990"/>
</kw>
<status status="PASS" starttime="20221013 11:46:53.693" endtime="20221013 11:47:01.990"/>
</branch>
<branch type="EXCEPT">
<kw name="Get WebElements" library="SeleniumLibrary">
<var>@{photoButtonsList}</var>
<arg>${photoButtons}</arg>
<doc>Returns a list of WebElement objects matching the ``locator``.</doc>
<status status="NOT RUN" starttime="20221013 11:47:01.990" endtime="20221013 11:47:01.990"/>
</kw>
<kw name="Click Element" library="SeleniumLibrary">
<arg>${photoButtonsList}[${COUNTER}]</arg>
<doc>Click the element identified by ``locator``.</doc>
<status status="NOT RUN" starttime="20221013 11:47:01.990" endtime="20221013 11:47:01.990"/>
</kw>
<status status="NOT RUN" starttime="20221013 11:47:01.990" endtime="20221013 11:47:01.990"/>
</branch>
<status status="PASS" starttime="20221013 11:46:53.693" endtime="20221013 11:47:01.990"/>
</try>
<status status="PASS" starttime="20221013 11:46:53.693" endtime="20221013 11:47:01.990"/>
</iter>
<status status="PASS" starttime="20221013 11:46:46.898" endtime="20221013 11:47:01.990"/>
</while>
<status status="PASS" starttime="20221013 11:46:46.897" endtime="20221013 11:47:01.990"/>
</iter>
<iter>
<var name="${INDEX}">2</var>
<kw name="Set Variable" library="BuiltIn">
<var>${COUNT}</var>
<arg>0</arg>
<doc>Returns the given values which can then be assigned to a variables.</doc>
<msg timestamp="20221013 11:47:01.991" level="INFO">${COUNT} = 0</msg>
<status status="PASS" starttime="20221013 11:47:01.990" endtime="20221013 11:47:01.991"/>
</kw>
<while condition="${COUNT}&lt;1">
<iter>
<try>
<branch type="TRY">
<kw name="cookie" library="utils">
<try>
<branch type="TRY">
<kw name="Wait Until Element Is Visible" library="SeleniumLibrary">
<arg>${cookie}</arg>
<doc>Waits until the element ``locator`` is visible.</doc>
<status status="PASS" starttime="20221013 11:47:01.991" endtime="20221013 11:47:02.303"/>
</kw>
<kw name="Click Element" library="SeleniumLibrary">
<arg>${cookie}</arg>
<doc>Click the element identified by ``locator``.</doc>
<msg timestamp="20221013 11:47:02.303" level="INFO">Clicking element 'css=input[id='sp-cc-accept']'.</msg>
<status status="PASS" starttime="20221013 11:47:02.303" endtime="20221013 11:47:02.600"/>
</kw>
<status status="PASS" starttime="20221013 11:47:01.991" endtime="20221013 11:47:02.600"/>
</branch>
<branch type="EXCEPT">
<kw name="Wait Until Element Is Not Visible" library="SeleniumLibrary">
<arg>${cookie}</arg>
<doc>Waits until the element ``locator`` is not visible.</doc>
<status status="NOT RUN" starttime="20221013 11:47:02.600" endtime="20221013 11:47:02.601"/>
</kw>
<status status="NOT RUN" starttime="20221013 11:47:02.600" endtime="20221013 11:47:02.601"/>
</branch>
<status status="PASS" starttime="20221013 11:47:01.991" endtime="20221013 11:47:02.601"/>
</try>
<status status="PASS" starttime="20221013 11:47:01.991" endtime="20221013 11:47:02.601"/>
</kw>
<kw name="Get WebElements" library="SeleniumLibrary">
<var>@{photoCardList}</var>
<arg>${photoCard}</arg>
<doc>Returns a list of WebElement objects matching the ``locator``.</doc>
<msg timestamp="20221013 11:47:02.725" level="INFO">@{photoCardList} = [ &lt;selenium.webdriver.remote.webelement.WebElement (session="10ad53cc3453e8f3477a389b0d3497a7", element="bdc7e59f-ba55-44ef-ad70-8b27098b2f0a")&gt; | &lt;selenium.webdriver.remote.webelement.WebElement (ses...</msg>
<status status="PASS" starttime="20221013 11:47:02.601" endtime="20221013 11:47:02.725"/>
</kw>
<kw name="attribute" library="utils">
<var>${value}</var>
<arg>${photoValue}</arg>
<arg>value</arg>
<kw name="Set Variable" library="BuiltIn">
<var>${COUNT}</var>
<arg>0</arg>
<doc>Returns the given values which can then be assigned to a variables.</doc>
<msg timestamp="20221013 11:47:02.727" level="INFO">${COUNT} = 0</msg>
<status status="PASS" starttime="20221013 11:47:02.726" endtime="20221013 11:47:02.727"/>
</kw>
<while condition="${COUNT}&lt;1">
<iter>
<kw name="Get Element Attribute" library="SeleniumLibrary">
<var>${value}</var>
<arg>${LOCATOR}</arg>
<arg>${TYPE}</arg>
<doc>Returns the value of ``attribute`` from the element ``locator``.</doc>
<msg timestamp="20221013 11:47:02.972" level="INFO">${value} = </msg>
<status status="PASS" starttime="20221013 11:47:02.727" endtime="20221013 11:47:02.972"/>
</kw>
<try>
<branch type="TRY">
<kw name="Convert To Integer" library="BuiltIn">
<var>${value}</var>
<arg>${value}</arg>
<doc>Converts the given item to an integer number.</doc>
<msg timestamp="20221013 11:47:02.974" level="FAIL">'' cannot be converted to an integer: ValueError: invalid literal for int() with base 10: ''</msg>
<status status="FAIL" starttime="20221013 11:47:02.973" endtime="20221013 11:47:02.976"/>
</kw>
<kw name="Should Be Equal" library="BuiltIn">
<arg>${value}</arg>
<arg>${EMPTY}</arg>
<doc>Fails if the given objects are unequal.</doc>
<status status="NOT RUN" starttime="20221013 11:47:02.977" endtime="20221013 11:47:02.977"/>
</kw>
<status status="FAIL" starttime="20221013 11:47:02.972" endtime="20221013 11:47:02.977"/>
</branch>
<branch type="EXCEPT">
<kw name="Set Variable" library="BuiltIn">
<var>${COUNT}</var>
<arg>1</arg>
<doc>Returns the given values which can then be assigned to a variables.</doc>
<msg timestamp="20221013 11:47:02.977" level="INFO">${COUNT} = 1</msg>
<status status="PASS" starttime="20221013 11:47:02.977" endtime="20221013 11:47:02.977"/>
</kw>
<status status="PASS" starttime="20221013 11:47:02.977" endtime="20221013 11:47:02.977"/>
</branch>
<status status="PASS" starttime="20221013 11:47:02.972" endtime="20221013 11:47:02.977"/>
</try>
<status status="PASS" starttime="20221013 11:47:02.727" endtime="20221013 11:47:02.978"/>
</iter>
<status status="PASS" starttime="20221013 11:47:02.727" endtime="20221013 11:47:02.978"/>
</while>
<msg timestamp="20221013 11:47:02.978" level="INFO">${value} = </msg>
<status status="PASS" starttime="20221013 11:47:02.725" endtime="20221013 11:47:02.979"/>
</kw>
<kw name="Convert To Integer" library="BuiltIn">
<var>${value}</var>
<arg>${value}</arg>
<doc>Converts the given item to an integer number.</doc>
<msg timestamp="20221013 11:47:02.980" level="FAIL">'' cannot be converted to an integer: ValueError: invalid literal for int() with base 10: ''</msg>
<status status="FAIL" starttime="20221013 11:47:02.979" endtime="20221013 11:47:02.980"/>
</kw>
<kw name="Should Be Equal" library="BuiltIn">
<arg>${value}</arg>
<arg>${INDEX}</arg>
<doc>Fails if the given objects are unequal.</doc>
<status status="NOT RUN" starttime="20221013 11:47:02.981" endtime="20221013 11:47:02.981"/>
</kw>
<kw name="Get Location" library="SeleniumLibrary">
<var>${GETURL}</var>
<doc>Returns the current browser window URL.</doc>
<status status="NOT RUN" starttime="20221013 11:47:02.981" endtime="20221013 11:47:02.981"/>
</kw>
<kw name="Wait Until Element Is Visible" library="SeleniumLibrary">
<arg>${photoClickButton}</arg>
<doc>Waits until the element ``locator`` is visible.</doc>
<status status="NOT RUN" starttime="20221013 11:47:02.982" endtime="20221013 11:47:02.982"/>
</kw>
<kw name="Click Element" library="SeleniumLibrary">
<arg>${photoClickButton}</arg>
<doc>Click the element identified by ``locator``.</doc>
<status status="NOT RUN" starttime="20221013 11:47:02.982" endtime="20221013 11:47:02.982"/>
</kw>
<kw name="Get Location" library="SeleniumLibrary">
<var>${GETURL1}</var>
<doc>Returns the current browser window URL.</doc>
<status status="NOT RUN" starttime="20221013 11:47:02.982" endtime="20221013 11:47:02.982"/>
</kw>
<kw name="Go Back" library="SeleniumLibrary">
<doc>Simulates the user clicking the back button on their browser.</doc>
<status status="NOT RUN" starttime="20221013 11:47:02.982" endtime="20221013 11:47:02.982"/>
</kw>
<kw name="Should Not Be Equal" library="BuiltIn">
<arg>${GETURL}</arg>
<arg>${GETURL1}</arg>
<doc>Fails if the given objects are equal.</doc>
<status status="NOT RUN" starttime="20221013 11:47:02.983" endtime="20221013 11:47:02.983"/>
</kw>
<kw name="Set Variable" library="BuiltIn">
<var>${COUNT}</var>
<arg>1</arg>
<doc>Returns the given values which can then be assigned to a variables.</doc>
<status status="NOT RUN" starttime="20221013 11:47:02.983" endtime="20221013 11:47:02.983"/>
</kw>
<status status="FAIL" starttime="20221013 11:47:01.991" endtime="20221013 11:47:02.983"/>
</branch>
<branch type="EXCEPT">
<kw name="Get WebElements" library="SeleniumLibrary">
<var>@{photoButtonsList}</var>
<arg>${photoButtons}</arg>
<doc>Returns a list of WebElement objects matching the ``locator``.</doc>
<msg timestamp="20221013 11:47:03.126" level="INFO">@{photoButtonsList} = [ &lt;selenium.webdriver.remote.webelement.WebElement (session="10ad53cc3453e8f3477a389b0d3497a7", element="85d1f616-eb41-41a0-bb17-b8f3d1e4688a")&gt; | &lt;selenium.webdriver.remote.webelement.WebElement (ses...</msg>
<status status="PASS" starttime="20221013 11:47:02.983" endtime="20221013 11:47:03.126"/>
</kw>
<kw name="Click Element" library="SeleniumLibrary">
<arg>${photoButtonsList}[${COUNTER}]</arg>
<doc>Click the element identified by ``locator``.</doc>
<msg timestamp="20221013 11:47:03.127" level="INFO">Clicking element '&lt;selenium.webdriver.remote.webelement.WebElement (session="10ad53cc3453e8f3477a389b0d3497a7", element="85d1f616-eb41-41a0-bb17-b8f3d1e4688a")&gt;'.</msg>
<status status="PASS" starttime="20221013 11:47:03.126" endtime="20221013 11:47:03.377"/>
</kw>
<status status="PASS" starttime="20221013 11:47:02.983" endtime="20221013 11:47:03.377"/>
</branch>
<status status="PASS" starttime="20221013 11:47:01.991" endtime="20221013 11:47:03.377"/>
</try>
<status status="PASS" starttime="20221013 11:47:01.991" endtime="20221013 11:47:03.377"/>
</iter>
<iter>
<try>
<branch type="TRY">
<kw name="cookie" library="utils">
<try>
<branch type="TRY">
<kw name="Wait Until Element Is Visible" library="SeleniumLibrary">
<arg>${cookie}</arg>
<doc>Waits until the element ``locator`` is visible.</doc>
<msg timestamp="20221013 11:47:08.886" level="INFO" html="true">&lt;/td&gt;&lt;/tr&gt;&lt;tr&gt;&lt;td colspan="3"&gt;&lt;a href="selenium-screenshot-145.png"&gt;&lt;img src="selenium-screenshot-145.png" width="800px"&gt;&lt;/a&gt;</msg>
<msg timestamp="20221013 11:47:08.887" level="FAIL">Element 'css=input[id='sp-cc-accept']' not visible after 5 seconds.</msg>
<status status="FAIL" starttime="20221013 11:47:03.378" endtime="20221013 11:47:08.887"/>
</kw>
<kw name="Click Element" library="SeleniumLibrary">
<arg>${cookie}</arg>
<doc>Click the element identified by ``locator``.</doc>
<status status="NOT RUN" starttime="20221013 11:47:08.888" endtime="20221013 11:47:08.888"/>
</kw>
<status status="FAIL" starttime="20221013 11:47:03.378" endtime="20221013 11:47:08.888"/>
</branch>
<branch type="EXCEPT">
<kw name="Wait Until Element Is Not Visible" library="SeleniumLibrary">
<arg>${cookie}</arg>
<doc>Waits until the element ``locator`` is not visible.</doc>
<status status="PASS" starttime="20221013 11:47:08.888" endtime="20221013 11:47:09.007"/>
</kw>
<status status="PASS" starttime="20221013 11:47:08.888" endtime="20221013 11:47:09.007"/>
</branch>
<status status="PASS" starttime="20221013 11:47:03.378" endtime="20221013 11:47:09.007"/>
</try>
<status status="PASS" starttime="20221013 11:47:03.377" endtime="20221013 11:47:09.007"/>
</kw>
<kw name="Get WebElements" library="SeleniumLibrary">
<var>@{photoCardList}</var>
<arg>${photoCard}</arg>
<doc>Returns a list of WebElement objects matching the ``locator``.</doc>
<msg timestamp="20221013 11:47:09.116" level="INFO">@{photoCardList} = [ &lt;selenium.webdriver.remote.webelement.WebElement (session="10ad53cc3453e8f3477a389b0d3497a7", element="cdaca4ff-91d8-4a54-9635-96ab8db40790")&gt; | &lt;selenium.webdriver.remote.webelement.WebElement (ses...</msg>
<status status="PASS" starttime="20221013 11:47:09.007" endtime="20221013 11:47:09.116"/>
</kw>
<kw name="attribute" library="utils">
<var>${value}</var>
<arg>${photoValue}</arg>
<arg>value</arg>
<kw name="Set Variable" library="BuiltIn">
<var>${COUNT}</var>
<arg>0</arg>
<doc>Returns the given values which can then be assigned to a variables.</doc>
<msg timestamp="20221013 11:47:09.117" level="INFO">${COUNT} = 0</msg>
<status status="PASS" starttime="20221013 11:47:09.117" endtime="20221013 11:47:09.117"/>
</kw>
<while condition="${COUNT}&lt;1">
<iter>
<kw name="Get Element Attribute" library="SeleniumLibrary">
<var>${value}</var>
<arg>${LOCATOR}</arg>
<arg>${TYPE}</arg>
<doc>Returns the value of ``attribute`` from the element ``locator``.</doc>
<msg timestamp="20221013 11:47:09.361" level="INFO">${value} = 6</msg>
<status status="PASS" starttime="20221013 11:47:09.117" endtime="20221013 11:47:09.361"/>
</kw>
<try>
<branch type="TRY">
<kw name="Convert To Integer" library="BuiltIn">
<var>${value}</var>
<arg>${value}</arg>
<doc>Converts the given item to an integer number.</doc>
<msg timestamp="20221013 11:47:09.362" level="INFO">${value} = 6</msg>
<status status="PASS" starttime="20221013 11:47:09.361" endtime="20221013 11:47:09.362"/>
</kw>
<kw name="Should Be Equal" library="BuiltIn">
<arg>${value}</arg>
<arg>${EMPTY}</arg>
<doc>Fails if the given objects are unequal.</doc>
<msg timestamp="20221013 11:47:09.363" level="INFO">Argument types are:
&lt;class 'int'&gt;
&lt;class 'str'&gt;</msg>
<msg timestamp="20221013 11:47:09.363" level="FAIL">6 != </msg>
<status status="FAIL" starttime="20221013 11:47:09.362" endtime="20221013 11:47:09.363"/>
</kw>
<status status="FAIL" starttime="20221013 11:47:09.361" endtime="20221013 11:47:09.363"/>
</branch>
<branch type="EXCEPT">
<kw name="Set Variable" library="BuiltIn">
<var>${COUNT}</var>
<arg>1</arg>
<doc>Returns the given values which can then be assigned to a variables.</doc>
<msg timestamp="20221013 11:47:09.364" level="INFO">${COUNT} = 1</msg>
<status status="PASS" starttime="20221013 11:47:09.364" endtime="20221013 11:47:09.364"/>
</kw>
<status status="PASS" starttime="20221013 11:47:09.363" endtime="20221013 11:47:09.364"/>
</branch>
<status status="PASS" starttime="20221013 11:47:09.361" endtime="20221013 11:47:09.364"/>
</try>
<status status="PASS" starttime="20221013 11:47:09.117" endtime="20221013 11:47:09.364"/>
</iter>
<status status="PASS" starttime="20221013 11:47:09.117" endtime="20221013 11:47:09.364"/>
</while>
<msg timestamp="20221013 11:47:09.364" level="INFO">${value} = 6</msg>
<status status="PASS" starttime="20221013 11:47:09.116" endtime="20221013 11:47:09.364"/>
</kw>
<kw name="Convert To Integer" library="BuiltIn">
<var>${value}</var>
<arg>${value}</arg>
<doc>Converts the given item to an integer number.</doc>
<msg timestamp="20221013 11:47:09.365" level="INFO">${value} = 6</msg>
<status status="PASS" starttime="20221013 11:47:09.364" endtime="20221013 11:47:09.365"/>
</kw>
<kw name="Should Be Equal" library="BuiltIn">
<arg>${value}</arg>
<arg>${INDEX}</arg>
<doc>Fails if the given objects are unequal.</doc>
<msg timestamp="20221013 11:47:09.365" level="FAIL">6 != 2</msg>
<status status="FAIL" starttime="20221013 11:47:09.365" endtime="20221013 11:47:09.365"/>
</kw>
<kw name="Get Location" library="SeleniumLibrary">
<var>${GETURL}</var>
<doc>Returns the current browser window URL.</doc>
<status status="NOT RUN" starttime="20221013 11:47:09.366" endtime="20221013 11:47:09.366"/>
</kw>
<kw name="Wait Until Element Is Visible" library="SeleniumLibrary">
<arg>${photoClickButton}</arg>
<doc>Waits until the element ``locator`` is visible.</doc>
<status status="NOT RUN" starttime="20221013 11:47:09.366" endtime="20221013 11:47:09.366"/>
</kw>
<kw name="Click Element" library="SeleniumLibrary">
<arg>${photoClickButton}</arg>
<doc>Click the element identified by ``locator``.</doc>
<status status="NOT RUN" starttime="20221013 11:47:09.366" endtime="20221013 11:47:09.366"/>
</kw>
<kw name="Get Location" library="SeleniumLibrary">
<var>${GETURL1}</var>
<doc>Returns the current browser window URL.</doc>
<status status="NOT RUN" starttime="20221013 11:47:09.366" endtime="20221013 11:47:09.366"/>
</kw>
<kw name="Go Back" library="SeleniumLibrary">
<doc>Simulates the user clicking the back button on their browser.</doc>
<status status="NOT RUN" starttime="20221013 11:47:09.366" endtime="20221013 11:47:09.366"/>
</kw>
<kw name="Should Not Be Equal" library="BuiltIn">
<arg>${GETURL}</arg>
<arg>${GETURL1}</arg>
<doc>Fails if the given objects are equal.</doc>
<status status="NOT RUN" starttime="20221013 11:47:09.366" endtime="20221013 11:47:09.366"/>
</kw>
<kw name="Set Variable" library="BuiltIn">
<var>${COUNT}</var>
<arg>1</arg>
<doc>Returns the given values which can then be assigned to a variables.</doc>
<status status="NOT RUN" starttime="20221013 11:47:09.366" endtime="20221013 11:47:09.366"/>
</kw>
<status status="FAIL" starttime="20221013 11:47:03.377" endtime="20221013 11:47:09.366"/>
</branch>
<branch type="EXCEPT">
<kw name="Get WebElements" library="SeleniumLibrary">
<var>@{photoButtonsList}</var>
<arg>${photoButtons}</arg>
<doc>Returns a list of WebElement objects matching the ``locator``.</doc>
<msg timestamp="20221013 11:47:09.485" level="INFO">@{photoButtonsList} = [ &lt;selenium.webdriver.remote.webelement.WebElement (session="10ad53cc3453e8f3477a389b0d3497a7", element="85d1f616-eb41-41a0-bb17-b8f3d1e4688a")&gt; | &lt;selenium.webdriver.remote.webelement.WebElement (ses...</msg>
<status status="PASS" starttime="20221013 11:47:09.366" endtime="20221013 11:47:09.485"/>
</kw>
<kw name="Click Element" library="SeleniumLibrary">
<arg>${photoButtonsList}[${COUNTER}]</arg>
<doc>Click the element identified by ``locator``.</doc>
<msg timestamp="20221013 11:47:09.486" level="INFO">Clicking element '&lt;selenium.webdriver.remote.webelement.WebElement (session="10ad53cc3453e8f3477a389b0d3497a7", element="85d1f616-eb41-41a0-bb17-b8f3d1e4688a")&gt;'.</msg>
<status status="PASS" starttime="20221013 11:47:09.485" endtime="20221013 11:47:09.638"/>
</kw>
<status status="PASS" starttime="20221013 11:47:09.366" endtime="20221013 11:47:09.638"/>
</branch>
<status status="PASS" starttime="20221013 11:47:03.377" endtime="20221013 11:47:09.638"/>
</try>
<status status="PASS" starttime="20221013 11:47:03.377" endtime="20221013 11:47:09.638"/>
</iter>
<iter>
<try>
<branch type="TRY">
<kw name="cookie" library="utils">
<try>
<branch type="TRY">
<kw name="Wait Until Element Is Visible" library="SeleniumLibrary">
<arg>${cookie}</arg>
<doc>Waits until the element ``locator`` is visible.</doc>
<msg timestamp="20221013 11:47:15.060" level="INFO" html="true">&lt;/td&gt;&lt;/tr&gt;&lt;tr&gt;&lt;td colspan="3"&gt;&lt;a href="selenium-screenshot-146.png"&gt;&lt;img src="selenium-screenshot-146.png" width="800px"&gt;&lt;/a&gt;</msg>
<msg timestamp="20221013 11:47:15.062" level="FAIL">Element 'css=input[id='sp-cc-accept']' not visible after 5 seconds.</msg>
<status status="FAIL" starttime="20221013 11:47:09.640" endtime="20221013 11:47:15.063"/>
</kw>
<kw name="Click Element" library="SeleniumLibrary">
<arg>${cookie}</arg>
<doc>Click the element identified by ``locator``.</doc>
<status status="NOT RUN" starttime="20221013 11:47:15.064" endtime="20221013 11:47:15.064"/>
</kw>
<status status="FAIL" starttime="20221013 11:47:09.640" endtime="20221013 11:47:15.065"/>
</branch>
<branch type="EXCEPT">
<kw name="Wait Until Element Is Not Visible" library="SeleniumLibrary">
<arg>${cookie}</arg>
<doc>Waits until the element ``locator`` is not visible.</doc>
<status status="PASS" starttime="20221013 11:47:15.065" endtime="20221013 11:47:15.190"/>
</kw>
<status status="PASS" starttime="20221013 11:47:15.065" endtime="20221013 11:47:15.190"/>
</branch>
<status status="PASS" starttime="20221013 11:47:09.640" endtime="20221013 11:47:15.190"/>
</try>
<status status="PASS" starttime="20221013 11:47:09.639" endtime="20221013 11:47:15.191"/>
</kw>
<kw name="Get WebElements" library="SeleniumLibrary">
<var>@{photoCardList}</var>
<arg>${photoCard}</arg>
<doc>Returns a list of WebElement objects matching the ``locator``.</doc>
<msg timestamp="20221013 11:47:15.314" level="INFO">@{photoCardList} = [ &lt;selenium.webdriver.remote.webelement.WebElement (session="10ad53cc3453e8f3477a389b0d3497a7", element="ba56b00d-5f85-4a6c-9a63-ef5aab6a371d")&gt; | &lt;selenium.webdriver.remote.webelement.WebElement (ses...</msg>
<status status="PASS" starttime="20221013 11:47:15.192" endtime="20221013 11:47:15.314"/>
</kw>
<kw name="attribute" library="utils">
<var>${value}</var>
<arg>${photoValue}</arg>
<arg>value</arg>
<kw name="Set Variable" library="BuiltIn">
<var>${COUNT}</var>
<arg>0</arg>
<doc>Returns the given values which can then be assigned to a variables.</doc>
<msg timestamp="20221013 11:47:15.317" level="INFO">${COUNT} = 0</msg>
<status status="PASS" starttime="20221013 11:47:15.317" endtime="20221013 11:47:15.317"/>
</kw>
<while condition="${COUNT}&lt;1">
<iter>
<kw name="Get Element Attribute" library="SeleniumLibrary">
<var>${value}</var>
<arg>${LOCATOR}</arg>
<arg>${TYPE}</arg>
<doc>Returns the value of ``attribute`` from the element ``locator``.</doc>
<msg timestamp="20221013 11:47:15.580" level="INFO">${value} = 5</msg>
<status status="PASS" starttime="20221013 11:47:15.318" endtime="20221013 11:47:15.580"/>
</kw>
<try>
<branch type="TRY">
<kw name="Convert To Integer" library="BuiltIn">
<var>${value}</var>
<arg>${value}</arg>
<doc>Converts the given item to an integer number.</doc>
<msg timestamp="20221013 11:47:15.582" level="INFO">${value} = 5</msg>
<status status="PASS" starttime="20221013 11:47:15.581" endtime="20221013 11:47:15.582"/>
</kw>
<kw name="Should Be Equal" library="BuiltIn">
<arg>${value}</arg>
<arg>${EMPTY}</arg>
<doc>Fails if the given objects are unequal.</doc>
<msg timestamp="20221013 11:47:15.586" level="INFO">Argument types are:
&lt;class 'int'&gt;
&lt;class 'str'&gt;</msg>
<msg timestamp="20221013 11:47:15.587" level="FAIL">5 != </msg>
<status status="FAIL" starttime="20221013 11:47:15.583" endtime="20221013 11:47:15.587"/>
</kw>
<status status="FAIL" starttime="20221013 11:47:15.581" endtime="20221013 11:47:15.589"/>
</branch>
<branch type="EXCEPT">
<kw name="Set Variable" library="BuiltIn">
<var>${COUNT}</var>
<arg>1</arg>
<doc>Returns the given values which can then be assigned to a variables.</doc>
<msg timestamp="20221013 11:47:15.590" level="INFO">${COUNT} = 1</msg>
<status status="PASS" starttime="20221013 11:47:15.589" endtime="20221013 11:47:15.590"/>
</kw>
<status status="PASS" starttime="20221013 11:47:15.589" endtime="20221013 11:47:15.590"/>
</branch>
<status status="PASS" starttime="20221013 11:47:15.581" endtime="20221013 11:47:15.590"/>
</try>
<status status="PASS" starttime="20221013 11:47:15.318" endtime="20221013 11:47:15.590"/>
</iter>
<status status="PASS" starttime="20221013 11:47:15.317" endtime="20221013 11:47:15.591"/>
</while>
<msg timestamp="20221013 11:47:15.592" level="INFO">${value} = 5</msg>
<status status="PASS" starttime="20221013 11:47:15.315" endtime="20221013 11:47:15.592"/>
</kw>
<kw name="Convert To Integer" library="BuiltIn">
<var>${value}</var>
<arg>${value}</arg>
<doc>Converts the given item to an integer number.</doc>
<msg timestamp="20221013 11:47:15.593" level="INFO">${value} = 5</msg>
<status status="PASS" starttime="20221013 11:47:15.592" endtime="20221013 11:47:15.593"/>
</kw>
<kw name="Should Be Equal" library="BuiltIn">
<arg>${value}</arg>
<arg>${INDEX}</arg>
<doc>Fails if the given objects are unequal.</doc>
<msg timestamp="20221013 11:47:15.597" level="FAIL">5 != 2</msg>
<status status="FAIL" starttime="20221013 11:47:15.593" endtime="20221013 11:47:15.597"/>
</kw>
<kw name="Get Location" library="SeleniumLibrary">
<var>${GETURL}</var>
<doc>Returns the current browser window URL.</doc>
<status status="NOT RUN" starttime="20221013 11:47:15.598" endtime="20221013 11:47:15.598"/>
</kw>
<kw name="Wait Until Element Is Visible" library="SeleniumLibrary">
<arg>${photoClickButton}</arg>
<doc>Waits until the element ``locator`` is visible.</doc>
<status status="NOT RUN" starttime="20221013 11:47:15.599" endtime="20221013 11:47:15.599"/>
</kw>
<kw name="Click Element" library="SeleniumLibrary">
<arg>${photoClickButton}</arg>
<doc>Click the element identified by ``locator``.</doc>
<status status="NOT RUN" starttime="20221013 11:47:15.599" endtime="20221013 11:47:15.599"/>
</kw>
<kw name="Get Location" library="SeleniumLibrary">
<var>${GETURL1}</var>
<doc>Returns the current browser window URL.</doc>
<status status="NOT RUN" starttime="20221013 11:47:15.600" endtime="20221013 11:47:15.600"/>
</kw>
<kw name="Go Back" library="SeleniumLibrary">
<doc>Simulates the user clicking the back button on their browser.</doc>
<status status="NOT RUN" starttime="20221013 11:47:15.600" endtime="20221013 11:47:15.600"/>
</kw>
<kw name="Should Not Be Equal" library="BuiltIn">
<arg>${GETURL}</arg>
<arg>${GETURL1}</arg>
<doc>Fails if the given objects are equal.</doc>
<status status="NOT RUN" starttime="20221013 11:47:15.600" endtime="20221013 11:47:15.601"/>
</kw>
<kw name="Set Variable" library="BuiltIn">
<var>${COUNT}</var>
<arg>1</arg>
<doc>Returns the given values which can then be assigned to a variables.</doc>
<status status="NOT RUN" starttime="20221013 11:47:15.601" endtime="20221013 11:47:15.601"/>
</kw>
<status status="FAIL" starttime="20221013 11:47:09.639" endtime="20221013 11:47:15.601"/>
</branch>
<branch type="EXCEPT">
<kw name="Get WebElements" library="SeleniumLibrary">
<var>@{photoButtonsList}</var>
<arg>${photoButtons}</arg>
<doc>Returns a list of WebElement objects matching the ``locator``.</doc>
<msg timestamp="20221013 11:47:15.720" level="INFO">@{photoButtonsList} = [ &lt;selenium.webdriver.remote.webelement.WebElement (session="10ad53cc3453e8f3477a389b0d3497a7", element="85d1f616-eb41-41a0-bb17-b8f3d1e4688a")&gt; | &lt;selenium.webdriver.remote.webelement.WebElement (ses...</msg>
<status status="PASS" starttime="20221013 11:47:15.602" endtime="20221013 11:47:15.720"/>
</kw>
<kw name="Click Element" library="SeleniumLibrary">
<arg>${photoButtonsList}[${COUNTER}]</arg>
<doc>Click the element identified by ``locator``.</doc>
<msg timestamp="20221013 11:47:15.722" level="INFO">Clicking element '&lt;selenium.webdriver.remote.webelement.WebElement (session="10ad53cc3453e8f3477a389b0d3497a7", element="85d1f616-eb41-41a0-bb17-b8f3d1e4688a")&gt;'.</msg>
<status status="PASS" starttime="20221013 11:47:15.720" endtime="20221013 11:47:15.906"/>
</kw>
<status status="PASS" starttime="20221013 11:47:15.602" endtime="20221013 11:47:15.906"/>
</branch>
<status status="PASS" starttime="20221013 11:47:09.639" endtime="20221013 11:47:15.906"/>
</try>
<status status="PASS" starttime="20221013 11:47:09.638" endtime="20221013 11:47:15.906"/>
</iter>
<iter>
<try>
<branch type="TRY">
<kw name="cookie" library="utils">
<try>
<branch type="TRY">
<kw name="Wait Until Element Is Visible" library="SeleniumLibrary">
<arg>${cookie}</arg>
<doc>Waits until the element ``locator`` is visible.</doc>
<msg timestamp="20221013 11:47:21.222" level="INFO" html="true">&lt;/td&gt;&lt;/tr&gt;&lt;tr&gt;&lt;td colspan="3"&gt;&lt;a href="selenium-screenshot-147.png"&gt;&lt;img src="selenium-screenshot-147.png" width="800px"&gt;&lt;/a&gt;</msg>
<msg timestamp="20221013 11:47:21.223" level="FAIL">Element 'css=input[id='sp-cc-accept']' not visible after 5 seconds.</msg>
<status status="FAIL" starttime="20221013 11:47:15.907" endtime="20221013 11:47:21.223"/>
</kw>
<kw name="Click Element" library="SeleniumLibrary">
<arg>${cookie}</arg>
<doc>Click the element identified by ``locator``.</doc>
<status status="NOT RUN" starttime="20221013 11:47:21.224" endtime="20221013 11:47:21.224"/>
</kw>
<status status="FAIL" starttime="20221013 11:47:15.907" endtime="20221013 11:47:21.224"/>
</branch>
<branch type="EXCEPT">
<kw name="Wait Until Element Is Not Visible" library="SeleniumLibrary">
<arg>${cookie}</arg>
<doc>Waits until the element ``locator`` is not visible.</doc>
<status status="PASS" starttime="20221013 11:47:21.224" endtime="20221013 11:47:21.331"/>
</kw>
<status status="PASS" starttime="20221013 11:47:21.224" endtime="20221013 11:47:21.331"/>
</branch>
<status status="PASS" starttime="20221013 11:47:15.907" endtime="20221013 11:47:21.331"/>
</try>
<status status="PASS" starttime="20221013 11:47:15.906" endtime="20221013 11:47:21.331"/>
</kw>
<kw name="Get WebElements" library="SeleniumLibrary">
<var>@{photoCardList}</var>
<arg>${photoCard}</arg>
<doc>Returns a list of WebElement objects matching the ``locator``.</doc>
<msg timestamp="20221013 11:47:21.440" level="INFO">@{photoCardList} = [ &lt;selenium.webdriver.remote.webelement.WebElement (session="10ad53cc3453e8f3477a389b0d3497a7", element="4bdfd03c-f500-44df-a451-35f719922a5a")&gt; | &lt;selenium.webdriver.remote.webelement.WebElement (ses...</msg>
<status status="PASS" starttime="20221013 11:47:21.331" endtime="20221013 11:47:21.440"/>
</kw>
<kw name="attribute" library="utils">
<var>${value}</var>
<arg>${photoValue}</arg>
<arg>value</arg>
<kw name="Set Variable" library="BuiltIn">
<var>${COUNT}</var>
<arg>0</arg>
<doc>Returns the given values which can then be assigned to a variables.</doc>
<msg timestamp="20221013 11:47:21.441" level="INFO">${COUNT} = 0</msg>
<status status="PASS" starttime="20221013 11:47:21.441" endtime="20221013 11:47:21.441"/>
</kw>
<while condition="${COUNT}&lt;1">
<iter>
<kw name="Get Element Attribute" library="SeleniumLibrary">
<var>${value}</var>
<arg>${LOCATOR}</arg>
<arg>${TYPE}</arg>
<doc>Returns the value of ``attribute`` from the element ``locator``.</doc>
<msg timestamp="20221013 11:47:21.657" level="INFO">${value} = 4</msg>
<status status="PASS" starttime="20221013 11:47:21.441" endtime="20221013 11:47:21.657"/>
</kw>
<try>
<branch type="TRY">
<kw name="Convert To Integer" library="BuiltIn">
<var>${value}</var>
<arg>${value}</arg>
<doc>Converts the given item to an integer number.</doc>
<msg timestamp="20221013 11:47:21.658" level="INFO">${value} = 4</msg>
<status status="PASS" starttime="20221013 11:47:21.657" endtime="20221013 11:47:21.658"/>
</kw>
<kw name="Should Be Equal" library="BuiltIn">
<arg>${value}</arg>
<arg>${EMPTY}</arg>
<doc>Fails if the given objects are unequal.</doc>
<msg timestamp="20221013 11:47:21.659" level="INFO">Argument types are:
&lt;class 'int'&gt;
&lt;class 'str'&gt;</msg>
<msg timestamp="20221013 11:47:21.659" level="FAIL">4 != </msg>
<status status="FAIL" starttime="20221013 11:47:21.658" endtime="20221013 11:47:21.659"/>
</kw>
<status status="FAIL" starttime="20221013 11:47:21.657" endtime="20221013 11:47:21.659"/>
</branch>
<branch type="EXCEPT">
<kw name="Set Variable" library="BuiltIn">
<var>${COUNT}</var>
<arg>1</arg>
<doc>Returns the given values which can then be assigned to a variables.</doc>
<msg timestamp="20221013 11:47:21.660" level="INFO">${COUNT} = 1</msg>
<status status="PASS" starttime="20221013 11:47:21.659" endtime="20221013 11:47:21.660"/>
</kw>
<status status="PASS" starttime="20221013 11:47:21.659" endtime="20221013 11:47:21.660"/>
</branch>
<status status="PASS" starttime="20221013 11:47:21.657" endtime="20221013 11:47:21.660"/>
</try>
<status status="PASS" starttime="20221013 11:47:21.441" endtime="20221013 11:47:21.660"/>
</iter>
<status status="PASS" starttime="20221013 11:47:21.441" endtime="20221013 11:47:21.660"/>
</while>
<msg timestamp="20221013 11:47:21.660" level="INFO">${value} = 4</msg>
<status status="PASS" starttime="20221013 11:47:21.440" endtime="20221013 11:47:21.660"/>
</kw>
<kw name="Convert To Integer" library="BuiltIn">
<var>${value}</var>
<arg>${value}</arg>
<doc>Converts the given item to an integer number.</doc>
<msg timestamp="20221013 11:47:21.660" level="INFO">${value} = 4</msg>
<status status="PASS" starttime="20221013 11:47:21.660" endtime="20221013 11:47:21.660"/>
</kw>
<kw name="Should Be Equal" library="BuiltIn">
<arg>${value}</arg>
<arg>${INDEX}</arg>
<doc>Fails if the given objects are unequal.</doc>
<msg timestamp="20221013 11:47:21.661" level="FAIL">4 != 2</msg>
<status status="FAIL" starttime="20221013 11:47:21.661" endtime="20221013 11:47:21.661"/>
</kw>
<kw name="Get Location" library="SeleniumLibrary">
<var>${GETURL}</var>
<doc>Returns the current browser window URL.</doc>
<status status="NOT RUN" starttime="20221013 11:47:21.662" endtime="20221013 11:47:21.662"/>
</kw>
<kw name="Wait Until Element Is Visible" library="SeleniumLibrary">
<arg>${photoClickButton}</arg>
<doc>Waits until the element ``locator`` is visible.</doc>
<status status="NOT RUN" starttime="20221013 11:47:21.662" endtime="20221013 11:47:21.662"/>
</kw>
<kw name="Click Element" library="SeleniumLibrary">
<arg>${photoClickButton}</arg>
<doc>Click the element identified by ``locator``.</doc>
<status status="NOT RUN" starttime="20221013 11:47:21.662" endtime="20221013 11:47:21.662"/>
</kw>
<kw name="Get Location" library="SeleniumLibrary">
<var>${GETURL1}</var>
<doc>Returns the current browser window URL.</doc>
<status status="NOT RUN" starttime="20221013 11:47:21.662" endtime="20221013 11:47:21.662"/>
</kw>
<kw name="Go Back" library="SeleniumLibrary">
<doc>Simulates the user clicking the back button on their browser.</doc>
<status status="NOT RUN" starttime="20221013 11:47:21.662" endtime="20221013 11:47:21.662"/>
</kw>
<kw name="Should Not Be Equal" library="BuiltIn">
<arg>${GETURL}</arg>
<arg>${GETURL1}</arg>
<doc>Fails if the given objects are equal.</doc>
<status status="NOT RUN" starttime="20221013 11:47:21.662" endtime="20221013 11:47:21.662"/>
</kw>
<kw name="Set Variable" library="BuiltIn">
<var>${COUNT}</var>
<arg>1</arg>
<doc>Returns the given values which can then be assigned to a variables.</doc>
<status status="NOT RUN" starttime="20221013 11:47:21.662" endtime="20221013 11:47:21.662"/>
</kw>
<status status="FAIL" starttime="20221013 11:47:15.906" endtime="20221013 11:47:21.663"/>
</branch>
<branch type="EXCEPT">
<kw name="Get WebElements" library="SeleniumLibrary">
<var>@{photoButtonsList}</var>
<arg>${photoButtons}</arg>
<doc>Returns a list of WebElement objects matching the ``locator``.</doc>
<msg timestamp="20221013 11:47:21.778" level="INFO">@{photoButtonsList} = [ &lt;selenium.webdriver.remote.webelement.WebElement (session="10ad53cc3453e8f3477a389b0d3497a7", element="85d1f616-eb41-41a0-bb17-b8f3d1e4688a")&gt; | &lt;selenium.webdriver.remote.webelement.WebElement (ses...</msg>
<status status="PASS" starttime="20221013 11:47:21.663" endtime="20221013 11:47:21.778"/>
</kw>
<kw name="Click Element" library="SeleniumLibrary">
<arg>${photoButtonsList}[${COUNTER}]</arg>
<doc>Click the element identified by ``locator``.</doc>
<msg timestamp="20221013 11:47:21.779" level="INFO">Clicking element '&lt;selenium.webdriver.remote.webelement.WebElement (session="10ad53cc3453e8f3477a389b0d3497a7", element="85d1f616-eb41-41a0-bb17-b8f3d1e4688a")&gt;'.</msg>
<status status="PASS" starttime="20221013 11:47:21.778" endtime="20221013 11:47:21.932"/>
</kw>
<status status="PASS" starttime="20221013 11:47:21.663" endtime="20221013 11:47:21.932"/>
</branch>
<status status="PASS" starttime="20221013 11:47:15.906" endtime="20221013 11:47:21.932"/>
</try>
<status status="PASS" starttime="20221013 11:47:15.906" endtime="20221013 11:47:21.932"/>
</iter>
<iter>
<try>
<branch type="TRY">
<kw name="cookie" library="utils">
<try>
<branch type="TRY">
<kw name="Wait Until Element Is Visible" library="SeleniumLibrary">
<arg>${cookie}</arg>
<doc>Waits until the element ``locator`` is visible.</doc>
<msg timestamp="20221013 11:47:27.623" level="INFO" html="true">&lt;/td&gt;&lt;/tr&gt;&lt;tr&gt;&lt;td colspan="3"&gt;&lt;a href="selenium-screenshot-148.png"&gt;&lt;img src="selenium-screenshot-148.png" width="800px"&gt;&lt;/a&gt;</msg>
<msg timestamp="20221013 11:47:27.624" level="FAIL">Element 'css=input[id='sp-cc-accept']' not visible after 5 seconds.</msg>
<status status="FAIL" starttime="20221013 11:47:21.933" endtime="20221013 11:47:27.624"/>
</kw>
<kw name="Click Element" library="SeleniumLibrary">
<arg>${cookie}</arg>
<doc>Click the element identified by ``locator``.</doc>
<status status="NOT RUN" starttime="20221013 11:47:27.624" endtime="20221013 11:47:27.624"/>
</kw>
<status status="FAIL" starttime="20221013 11:47:21.933" endtime="20221013 11:47:27.624"/>
</branch>
<branch type="EXCEPT">
<kw name="Wait Until Element Is Not Visible" library="SeleniumLibrary">
<arg>${cookie}</arg>
<doc>Waits until the element ``locator`` is not visible.</doc>
<status status="PASS" starttime="20221013 11:47:27.625" endtime="20221013 11:47:27.743"/>
</kw>
<status status="PASS" starttime="20221013 11:47:27.624" endtime="20221013 11:47:27.743"/>
</branch>
<status status="PASS" starttime="20221013 11:47:21.933" endtime="20221013 11:47:27.743"/>
</try>
<status status="PASS" starttime="20221013 11:47:21.932" endtime="20221013 11:47:27.743"/>
</kw>
<kw name="Get WebElements" library="SeleniumLibrary">
<var>@{photoCardList}</var>
<arg>${photoCard}</arg>
<doc>Returns a list of WebElement objects matching the ``locator``.</doc>
<msg timestamp="20221013 11:47:27.852" level="INFO">@{photoCardList} = [ &lt;selenium.webdriver.remote.webelement.WebElement (session="10ad53cc3453e8f3477a389b0d3497a7", element="affa2b86-fbe9-413d-8f2e-191faf8044d8")&gt; | &lt;selenium.webdriver.remote.webelement.WebElement (ses...</msg>
<status status="PASS" starttime="20221013 11:47:27.743" endtime="20221013 11:47:27.852"/>
</kw>
<kw name="attribute" library="utils">
<var>${value}</var>
<arg>${photoValue}</arg>
<arg>value</arg>
<kw name="Set Variable" library="BuiltIn">
<var>${COUNT}</var>
<arg>0</arg>
<doc>Returns the given values which can then be assigned to a variables.</doc>
<msg timestamp="20221013 11:47:27.853" level="INFO">${COUNT} = 0</msg>
<status status="PASS" starttime="20221013 11:47:27.853" endtime="20221013 11:47:27.853"/>
</kw>
<while condition="${COUNT}&lt;1">
<iter>
<kw name="Get Element Attribute" library="SeleniumLibrary">
<var>${value}</var>
<arg>${LOCATOR}</arg>
<arg>${TYPE}</arg>
<doc>Returns the value of ``attribute`` from the element ``locator``.</doc>
<msg timestamp="20221013 11:47:28.086" level="INFO">${value} = 3</msg>
<status status="PASS" starttime="20221013 11:47:27.853" endtime="20221013 11:47:28.087"/>
</kw>
<try>
<branch type="TRY">
<kw name="Convert To Integer" library="BuiltIn">
<var>${value}</var>
<arg>${value}</arg>
<doc>Converts the given item to an integer number.</doc>
<msg timestamp="20221013 11:47:28.090" level="INFO">${value} = 3</msg>
<status status="PASS" starttime="20221013 11:47:28.088" endtime="20221013 11:47:28.090"/>
</kw>
<kw name="Should Be Equal" library="BuiltIn">
<arg>${value}</arg>
<arg>${EMPTY}</arg>
<doc>Fails if the given objects are unequal.</doc>
<msg timestamp="20221013 11:47:28.097" level="INFO">Argument types are:
&lt;class 'int'&gt;
&lt;class 'str'&gt;</msg>
<msg timestamp="20221013 11:47:28.099" level="FAIL">3 != </msg>
<status status="FAIL" starttime="20221013 11:47:28.091" endtime="20221013 11:47:28.099"/>
</kw>
<status status="FAIL" starttime="20221013 11:47:28.087" endtime="20221013 11:47:28.101"/>
</branch>
<branch type="EXCEPT">
<kw name="Set Variable" library="BuiltIn">
<var>${COUNT}</var>
<arg>1</arg>
<doc>Returns the given values which can then be assigned to a variables.</doc>
<msg timestamp="20221013 11:47:28.103" level="INFO">${COUNT} = 1</msg>
<status status="PASS" starttime="20221013 11:47:28.102" endtime="20221013 11:47:28.103"/>
</kw>
<status status="PASS" starttime="20221013 11:47:28.101" endtime="20221013 11:47:28.103"/>
</branch>
<status status="PASS" starttime="20221013 11:47:28.087" endtime="20221013 11:47:28.103"/>
</try>
<status status="PASS" starttime="20221013 11:47:27.853" endtime="20221013 11:47:28.103"/>
</iter>
<status status="PASS" starttime="20221013 11:47:27.853" endtime="20221013 11:47:28.104"/>
</while>
<msg timestamp="20221013 11:47:28.105" level="INFO">${value} = 3</msg>
<status status="PASS" starttime="20221013 11:47:27.852" endtime="20221013 11:47:28.105"/>
</kw>
<kw name="Convert To Integer" library="BuiltIn">
<var>${value}</var>
<arg>${value}</arg>
<doc>Converts the given item to an integer number.</doc>
<msg timestamp="20221013 11:47:28.107" level="INFO">${value} = 3</msg>
<status status="PASS" starttime="20221013 11:47:28.106" endtime="20221013 11:47:28.107"/>
</kw>
<kw name="Should Be Equal" library="BuiltIn">
<arg>${value}</arg>
<arg>${INDEX}</arg>
<doc>Fails if the given objects are unequal.</doc>
<msg timestamp="20221013 11:47:28.110" level="FAIL">3 != 2</msg>
<status status="FAIL" starttime="20221013 11:47:28.107" endtime="20221013 11:47:28.110"/>
</kw>
<kw name="Get Location" library="SeleniumLibrary">
<var>${GETURL}</var>
<doc>Returns the current browser window URL.</doc>
<status status="NOT RUN" starttime="20221013 11:47:28.113" endtime="20221013 11:47:28.113"/>
</kw>
<kw name="Wait Until Element Is Visible" library="SeleniumLibrary">
<arg>${photoClickButton}</arg>
<doc>Waits until the element ``locator`` is visible.</doc>
<status status="NOT RUN" starttime="20221013 11:47:28.114" endtime="20221013 11:47:28.114"/>
</kw>
<kw name="Click Element" library="SeleniumLibrary">
<arg>${photoClickButton}</arg>
<doc>Click the element identified by ``locator``.</doc>
<status status="NOT RUN" starttime="20221013 11:47:28.115" endtime="20221013 11:47:28.115"/>
</kw>
<kw name="Get Location" library="SeleniumLibrary">
<var>${GETURL1}</var>
<doc>Returns the current browser window URL.</doc>
<status status="NOT RUN" starttime="20221013 11:47:28.115" endtime="20221013 11:47:28.116"/>
</kw>
<kw name="Go Back" library="SeleniumLibrary">
<doc>Simulates the user clicking the back button on their browser.</doc>
<status status="NOT RUN" starttime="20221013 11:47:28.116" endtime="20221013 11:47:28.117"/>
</kw>
<kw name="Should Not Be Equal" library="BuiltIn">
<arg>${GETURL}</arg>
<arg>${GETURL1}</arg>
<doc>Fails if the given objects are equal.</doc>
<status status="NOT RUN" starttime="20221013 11:47:28.117" endtime="20221013 11:47:28.117"/>
</kw>
<kw name="Set Variable" library="BuiltIn">
<var>${COUNT}</var>
<arg>1</arg>
<doc>Returns the given values which can then be assigned to a variables.</doc>
<status status="NOT RUN" starttime="20221013 11:47:28.117" endtime="20221013 11:47:28.117"/>
</kw>
<status status="FAIL" starttime="20221013 11:47:21.932" endtime="20221013 11:47:28.117"/>
</branch>
<branch type="EXCEPT">
<kw name="Get WebElements" library="SeleniumLibrary">
<var>@{photoButtonsList}</var>
<arg>${photoButtons}</arg>
<doc>Returns a list of WebElement objects matching the ``locator``.</doc>
<msg timestamp="20221013 11:47:28.228" level="INFO">@{photoButtonsList} = [ &lt;selenium.webdriver.remote.webelement.WebElement (session="10ad53cc3453e8f3477a389b0d3497a7", element="85d1f616-eb41-41a0-bb17-b8f3d1e4688a")&gt; | &lt;selenium.webdriver.remote.webelement.WebElement (ses...</msg>
<status status="PASS" starttime="20221013 11:47:28.118" endtime="20221013 11:47:28.228"/>
</kw>
<kw name="Click Element" library="SeleniumLibrary">
<arg>${photoButtonsList}[${COUNTER}]</arg>
<doc>Click the element identified by ``locator``.</doc>
<msg timestamp="20221013 11:47:28.228" level="INFO">Clicking element '&lt;selenium.webdriver.remote.webelement.WebElement (session="10ad53cc3453e8f3477a389b0d3497a7", element="85d1f616-eb41-41a0-bb17-b8f3d1e4688a")&gt;'.</msg>
<status status="PASS" starttime="20221013 11:47:28.228" endtime="20221013 11:47:28.382"/>
</kw>
<status status="PASS" starttime="20221013 11:47:28.117" endtime="20221013 11:47:28.382"/>
</branch>
<status status="PASS" starttime="20221013 11:47:21.932" endtime="20221013 11:47:28.382"/>
</try>
<status status="PASS" starttime="20221013 11:47:21.932" endtime="20221013 11:47:28.382"/>
</iter>
<iter>
<try>
<branch type="TRY">
<kw name="cookie" library="utils">
<try>
<branch type="TRY">
<kw name="Wait Until Element Is Visible" library="SeleniumLibrary">
<arg>${cookie}</arg>
<doc>Waits until the element ``locator`` is visible.</doc>
<msg timestamp="20221013 11:47:33.921" level="INFO" html="true">&lt;/td&gt;&lt;/tr&gt;&lt;tr&gt;&lt;td colspan="3"&gt;&lt;a href="selenium-screenshot-149.png"&gt;&lt;img src="selenium-screenshot-149.png" width="800px"&gt;&lt;/a&gt;</msg>
<msg timestamp="20221013 11:47:33.922" level="FAIL">Element 'css=input[id='sp-cc-accept']' not visible after 5 seconds.</msg>
<status status="FAIL" starttime="20221013 11:47:28.383" endtime="20221013 11:47:33.922"/>
</kw>
<kw name="Click Element" library="SeleniumLibrary">
<arg>${cookie}</arg>
<doc>Click the element identified by ``locator``.</doc>
<status status="NOT RUN" starttime="20221013 11:47:33.923" endtime="20221013 11:47:33.923"/>
</kw>
<status status="FAIL" starttime="20221013 11:47:28.383" endtime="20221013 11:47:33.923"/>
</branch>
<branch type="EXCEPT">
<kw name="Wait Until Element Is Not Visible" library="SeleniumLibrary">
<arg>${cookie}</arg>
<doc>Waits until the element ``locator`` is not visible.</doc>
<status status="PASS" starttime="20221013 11:47:33.923" endtime="20221013 11:47:34.039"/>
</kw>
<status status="PASS" starttime="20221013 11:47:33.923" endtime="20221013 11:47:34.039"/>
</branch>
<status status="PASS" starttime="20221013 11:47:28.383" endtime="20221013 11:47:34.039"/>
</try>
<status status="PASS" starttime="20221013 11:47:28.382" endtime="20221013 11:47:34.039"/>
</kw>
<kw name="Get WebElements" library="SeleniumLibrary">
<var>@{photoCardList}</var>
<arg>${photoCard}</arg>
<doc>Returns a list of WebElement objects matching the ``locator``.</doc>
<msg timestamp="20221013 11:47:34.150" level="INFO">@{photoCardList} = [ &lt;selenium.webdriver.remote.webelement.WebElement (session="10ad53cc3453e8f3477a389b0d3497a7", element="6994eea6-4f1c-4fe9-b54b-38732dd2df36")&gt; | &lt;selenium.webdriver.remote.webelement.WebElement (ses...</msg>
<status status="PASS" starttime="20221013 11:47:34.039" endtime="20221013 11:47:34.150"/>
</kw>
<kw name="attribute" library="utils">
<var>${value}</var>
<arg>${photoValue}</arg>
<arg>value</arg>
<kw name="Set Variable" library="BuiltIn">
<var>${COUNT}</var>
<arg>0</arg>
<doc>Returns the given values which can then be assigned to a variables.</doc>
<msg timestamp="20221013 11:47:34.152" level="INFO">${COUNT} = 0</msg>
<status status="PASS" starttime="20221013 11:47:34.151" endtime="20221013 11:47:34.152"/>
</kw>
<while condition="${COUNT}&lt;1">
<iter>
<kw name="Get Element Attribute" library="SeleniumLibrary">
<var>${value}</var>
<arg>${LOCATOR}</arg>
<arg>${TYPE}</arg>
<doc>Returns the value of ``attribute`` from the element ``locator``.</doc>
<msg timestamp="20221013 11:47:34.412" level="INFO">${value} = 2</msg>
<status status="PASS" starttime="20221013 11:47:34.152" endtime="20221013 11:47:34.412"/>
</kw>
<try>
<branch type="TRY">
<kw name="Convert To Integer" library="BuiltIn">
<var>${value}</var>
<arg>${value}</arg>
<doc>Converts the given item to an integer number.</doc>
<msg timestamp="20221013 11:47:34.415" level="INFO">${value} = 2</msg>
<status status="PASS" starttime="20221013 11:47:34.414" endtime="20221013 11:47:34.415"/>
</kw>
<kw name="Should Be Equal" library="BuiltIn">
<arg>${value}</arg>
<arg>${EMPTY}</arg>
<doc>Fails if the given objects are unequal.</doc>
<msg timestamp="20221013 11:47:34.419" level="INFO">Argument types are:
&lt;class 'int'&gt;
&lt;class 'str'&gt;</msg>
<msg timestamp="20221013 11:47:34.421" level="FAIL">2 != </msg>
<status status="FAIL" starttime="20221013 11:47:34.415" endtime="20221013 11:47:34.421"/>
</kw>
<status status="FAIL" starttime="20221013 11:47:34.413" endtime="20221013 11:47:34.422"/>
</branch>
<branch type="EXCEPT">
<kw name="Set Variable" library="BuiltIn">
<var>${COUNT}</var>
<arg>1</arg>
<doc>Returns the given values which can then be assigned to a variables.</doc>
<msg timestamp="20221013 11:47:34.424" level="INFO">${COUNT} = 1</msg>
<status status="PASS" starttime="20221013 11:47:34.423" endtime="20221013 11:47:34.424"/>
</kw>
<status status="PASS" starttime="20221013 11:47:34.423" endtime="20221013 11:47:34.424"/>
</branch>
<status status="PASS" starttime="20221013 11:47:34.413" endtime="20221013 11:47:34.424"/>
</try>
<status status="PASS" starttime="20221013 11:47:34.152" endtime="20221013 11:47:34.424"/>
</iter>
<status status="PASS" starttime="20221013 11:47:34.152" endtime="20221013 11:47:34.425"/>
</while>
<msg timestamp="20221013 11:47:34.426" level="INFO">${value} = 2</msg>
<status status="PASS" starttime="20221013 11:47:34.150" endtime="20221013 11:47:34.426"/>
</kw>
<kw name="Convert To Integer" library="BuiltIn">
<var>${value}</var>
<arg>${value}</arg>
<doc>Converts the given item to an integer number.</doc>
<msg timestamp="20221013 11:47:34.427" level="INFO">${value} = 2</msg>
<status status="PASS" starttime="20221013 11:47:34.426" endtime="20221013 11:47:34.427"/>
</kw>
<kw name="Should Be Equal" library="BuiltIn">
<arg>${value}</arg>
<arg>${INDEX}</arg>
<doc>Fails if the given objects are unequal.</doc>
<status status="PASS" starttime="20221013 11:47:34.428" endtime="20221013 11:47:34.429"/>
</kw>
<kw name="Get Location" library="SeleniumLibrary">
<var>${GETURL}</var>
<doc>Returns the current browser window URL.</doc>
<msg timestamp="20221013 11:47:34.552" level="INFO">${GETURL} = https://www.amazon.com.tr/</msg>
<status status="PASS" starttime="20221013 11:47:34.430" endtime="20221013 11:47:34.552"/>
</kw>
<kw name="Wait Until Element Is Visible" library="SeleniumLibrary">
<arg>${photoClickButton}</arg>
<doc>Waits until the element ``locator`` is visible.</doc>
<status status="PASS" starttime="20221013 11:47:34.553" endtime="20221013 11:47:34.830"/>
</kw>
<kw name="Click Element" library="SeleniumLibrary">
<arg>${photoClickButton}</arg>
<doc>Click the element identified by ``locator``.</doc>
<msg timestamp="20221013 11:47:34.831" level="INFO">Clicking element 'css=div[class='a-row a-carousel-controls a-carousel-row a-carousel-has-buttons a-carousel-overlay-buttons a-carousel-rounded-buttons']'.</msg>
<status status="PASS" starttime="20221013 11:47:34.830" endtime="20221013 11:47:38.213"/>
</kw>
<kw name="Get Location" library="SeleniumLibrary">
<var>${GETURL1}</var>
<doc>Returns the current browser window URL.</doc>
<msg timestamp="20221013 11:47:38.321" level="INFO">${GETURL1} = https://www.primevideo.com/detail/0LV1Z1QE67YE6ODN1T30PT6ASE/ref=atv_sso_std</msg>
<status status="PASS" starttime="20221013 11:47:38.213" endtime="20221013 11:47:38.321"/>
</kw>
<kw name="Go Back" library="SeleniumLibrary">
<doc>Simulates the user clicking the back button on their browser.</doc>
<status status="PASS" starttime="20221013 11:47:38.322" endtime="20221013 11:47:39.283"/>
</kw>
<kw name="Should Not Be Equal" library="BuiltIn">
<arg>${GETURL}</arg>
<arg>${GETURL1}</arg>
<doc>Fails if the given objects are equal.</doc>
<status status="PASS" starttime="20221013 11:47:39.283" endtime="20221013 11:47:39.283"/>
</kw>
<kw name="Set Variable" library="BuiltIn">
<var>${COUNT}</var>
<arg>1</arg>
<doc>Returns the given values which can then be assigned to a variables.</doc>
<msg timestamp="20221013 11:47:39.284" level="INFO">${COUNT} = 1</msg>
<status status="PASS" starttime="20221013 11:47:39.284" endtime="20221013 11:47:39.284"/>
</kw>
<status status="PASS" starttime="20221013 11:47:28.382" endtime="20221013 11:47:39.284"/>
</branch>
<branch type="EXCEPT">
<kw name="Get WebElements" library="SeleniumLibrary">
<var>@{photoButtonsList}</var>
<arg>${photoButtons}</arg>
<doc>Returns a list of WebElement objects matching the ``locator``.</doc>
<status status="NOT RUN" starttime="20221013 11:47:39.284" endtime="20221013 11:47:39.284"/>
</kw>
<kw name="Click Element" library="SeleniumLibrary">
<arg>${photoButtonsList}[${COUNTER}]</arg>
<doc>Click the element identified by ``locator``.</doc>
<status status="NOT RUN" starttime="20221013 11:47:39.284" endtime="20221013 11:47:39.284"/>
</kw>
<status status="NOT RUN" starttime="20221013 11:47:39.284" endtime="20221013 11:47:39.284"/>
</branch>
<status status="PASS" starttime="20221013 11:47:28.382" endtime="20221013 11:47:39.284"/>
</try>
<status status="PASS" starttime="20221013 11:47:28.382" endtime="20221013 11:47:39.284"/>
</iter>
<status status="PASS" starttime="20221013 11:47:01.991" endtime="20221013 11:47:39.285"/>
</while>
<status status="PASS" starttime="20221013 11:47:01.990" endtime="20221013 11:47:39.285"/>
</iter>
<iter>
<var name="${INDEX}">3</var>
<kw name="Set Variable" library="BuiltIn">
<var>${COUNT}</var>
<arg>0</arg>
<doc>Returns the given values which can then be assigned to a variables.</doc>
<msg timestamp="20221013 11:47:39.285" level="INFO">${COUNT} = 0</msg>
<status status="PASS" starttime="20221013 11:47:39.285" endtime="20221013 11:47:39.285"/>
</kw>
<while condition="${COUNT}&lt;1">
<iter>
<try>
<branch type="TRY">
<kw name="cookie" library="utils">
<try>
<branch type="TRY">
<kw name="Wait Until Element Is Visible" library="SeleniumLibrary">
<arg>${cookie}</arg>
<doc>Waits until the element ``locator`` is visible.</doc>
<status status="PASS" starttime="20221013 11:47:39.286" endtime="20221013 11:47:39.537"/>
</kw>
<kw name="Click Element" library="SeleniumLibrary">
<arg>${cookie}</arg>
<doc>Click the element identified by ``locator``.</doc>
<msg timestamp="20221013 11:47:39.538" level="INFO">Clicking element 'css=input[id='sp-cc-accept']'.</msg>
<status status="PASS" starttime="20221013 11:47:39.537" endtime="20221013 11:47:39.865"/>
</kw>
<status status="PASS" starttime="20221013 11:47:39.286" endtime="20221013 11:47:39.865"/>
</branch>
<branch type="EXCEPT">
<kw name="Wait Until Element Is Not Visible" library="SeleniumLibrary">
<arg>${cookie}</arg>
<doc>Waits until the element ``locator`` is not visible.</doc>
<status status="NOT RUN" starttime="20221013 11:47:39.865" endtime="20221013 11:47:39.866"/>
</kw>
<status status="NOT RUN" starttime="20221013 11:47:39.865" endtime="20221013 11:47:39.866"/>
</branch>
<status status="PASS" starttime="20221013 11:47:39.286" endtime="20221013 11:47:39.866"/>
</try>
<status status="PASS" starttime="20221013 11:47:39.285" endtime="20221013 11:47:39.866"/>
</kw>
<kw name="Get WebElements" library="SeleniumLibrary">
<var>@{photoCardList}</var>
<arg>${photoCard}</arg>
<doc>Returns a list of WebElement objects matching the ``locator``.</doc>
<msg timestamp="20221013 11:47:39.990" level="INFO">@{photoCardList} = [ &lt;selenium.webdriver.remote.webelement.WebElement (session="10ad53cc3453e8f3477a389b0d3497a7", element="590356e8-2719-4351-8c56-6f3fe799afd7")&gt; | &lt;selenium.webdriver.remote.webelement.WebElement (ses...</msg>
<status status="PASS" starttime="20221013 11:47:39.866" endtime="20221013 11:47:39.990"/>
</kw>
<kw name="attribute" library="utils">
<var>${value}</var>
<arg>${photoValue}</arg>
<arg>value</arg>
<kw name="Set Variable" library="BuiltIn">
<var>${COUNT}</var>
<arg>0</arg>
<doc>Returns the given values which can then be assigned to a variables.</doc>
<msg timestamp="20221013 11:47:39.992" level="INFO">${COUNT} = 0</msg>
<status status="PASS" starttime="20221013 11:47:39.991" endtime="20221013 11:47:39.992"/>
</kw>
<while condition="${COUNT}&lt;1">
<iter>
<kw name="Get Element Attribute" library="SeleniumLibrary">
<var>${value}</var>
<arg>${LOCATOR}</arg>
<arg>${TYPE}</arg>
<doc>Returns the value of ``attribute`` from the element ``locator``.</doc>
<msg timestamp="20221013 11:47:40.242" level="INFO">${value} = </msg>
<status status="PASS" starttime="20221013 11:47:39.993" endtime="20221013 11:47:40.242"/>
</kw>
<try>
<branch type="TRY">
<kw name="Convert To Integer" library="BuiltIn">
<var>${value}</var>
<arg>${value}</arg>
<doc>Converts the given item to an integer number.</doc>
<msg timestamp="20221013 11:47:40.244" level="FAIL">'' cannot be converted to an integer: ValueError: invalid literal for int() with base 10: ''</msg>
<status status="FAIL" starttime="20221013 11:47:40.243" endtime="20221013 11:47:40.245"/>
</kw>
<kw name="Should Be Equal" library="BuiltIn">
<arg>${value}</arg>
<arg>${EMPTY}</arg>
<doc>Fails if the given objects are unequal.</doc>
<status status="NOT RUN" starttime="20221013 11:47:40.246" endtime="20221013 11:47:40.246"/>
</kw>
<status status="FAIL" starttime="20221013 11:47:40.242" endtime="20221013 11:47:40.246"/>
</branch>
<branch type="EXCEPT">
<kw name="Set Variable" library="BuiltIn">
<var>${COUNT}</var>
<arg>1</arg>
<doc>Returns the given values which can then be assigned to a variables.</doc>
<msg timestamp="20221013 11:47:40.247" level="INFO">${COUNT} = 1</msg>
<status status="PASS" starttime="20221013 11:47:40.247" endtime="20221013 11:47:40.248"/>
</kw>
<status status="PASS" starttime="20221013 11:47:40.247" endtime="20221013 11:47:40.248"/>
</branch>
<status status="PASS" starttime="20221013 11:47:40.242" endtime="20221013 11:47:40.248"/>
</try>
<status status="PASS" starttime="20221013 11:47:39.992" endtime="20221013 11:47:40.248"/>
</iter>
<status status="PASS" starttime="20221013 11:47:39.992" endtime="20221013 11:47:40.248"/>
</while>
<msg timestamp="20221013 11:47:40.249" level="INFO">${value} = </msg>
<status status="PASS" starttime="20221013 11:47:39.990" endtime="20221013 11:47:40.249"/>
</kw>
<kw name="Convert To Integer" library="BuiltIn">
<var>${value}</var>
<arg>${value}</arg>
<doc>Converts the given item to an integer number.</doc>
<msg timestamp="20221013 11:47:40.251" level="FAIL">'' cannot be converted to an integer: ValueError: invalid literal for int() with base 10: ''</msg>
<status status="FAIL" starttime="20221013 11:47:40.249" endtime="20221013 11:47:40.251"/>
</kw>
<kw name="Should Be Equal" library="BuiltIn">
<arg>${value}</arg>
<arg>${INDEX}</arg>
<doc>Fails if the given objects are unequal.</doc>
<status status="NOT RUN" starttime="20221013 11:47:40.252" endtime="20221013 11:47:40.252"/>
</kw>
<kw name="Get Location" library="SeleniumLibrary">
<var>${GETURL}</var>
<doc>Returns the current browser window URL.</doc>
<status status="NOT RUN" starttime="20221013 11:47:40.253" endtime="20221013 11:47:40.253"/>
</kw>
<kw name="Wait Until Element Is Visible" library="SeleniumLibrary">
<arg>${photoClickButton}</arg>
<doc>Waits until the element ``locator`` is visible.</doc>
[...]
<status status="FAIL" starttime="20221013 11:50:52.554" endtime="20221013 11:50:58.489"/>
</branch>
<branch type="EXCEPT">
<kw name="Get WebElements" library="SeleniumLibrary">
<var>@{photoButtonsList}</var>
<arg>${photoButtons}</arg>
<doc>Returns a list of WebElement objects matching the ``locator``.</doc>
<msg timestamp="20221013 11:50:58.602" level="INFO">@{photoButtonsList} = [ &lt;selenium.webdriver.remote.webelement.WebElement (session="10ad53cc3453e8f3477a389b0d3497a7", element="e867c5fb-45dc-4f16-a9d4-62a3ab075da6")&gt; | &lt;selenium.webdriver.remote.webelement.WebElement (ses...</msg>
<status status="PASS" starttime="20221013 11:50:58.489" endtime="20221013 11:50:58.602"/>
</kw>
<kw name="Click Element" library="SeleniumLibrary">
<arg>${photoButtonsList}[${COUNTER}]</arg>
<doc>Click the element identified by ``locator``.</doc>
<msg timestamp="20221013 11:50:58.603" level="INFO">Clicking element '&lt;selenium.webdriver.remote.webelement.WebElement (session="10ad53cc3453e8f3477a389b0d3497a7", element="d7269663-e2c0-4135-b13c-ef733290a6e9")&gt;'.</msg>
<status status="PASS" starttime="20221013 11:50:58.602" endtime="20221013 11:50:58.757"/>
</kw>
<status status="PASS" starttime="20221013 11:50:58.489" endtime="20221013 11:50:58.757"/>
</branch>
<status status="PASS" starttime="20221013 11:50:52.554" endtime="20221013 11:50:58.757"/>
</try>
<status status="PASS" starttime="20221013 11:50:52.554" endtime="20221013 11:50:58.757"/>
</iter>
<iter>
<try>
<branch type="TRY">
<kw name="cookie" library="utils">
<try>
<branch type="TRY">
<kw name="Wait Until Element Is Visible" library="SeleniumLibrary">
<arg>${cookie}</arg>
<doc>Waits until the element ``locator`` is visible.</doc>
<msg timestamp="20221013 11:51:04.133" level="INFO" html="true">&lt;/td&gt;&lt;/tr&gt;&lt;tr&gt;&lt;td colspan="3"&gt;&lt;a href="selenium-screenshot-175.png"&gt;&lt;img src="selenium-screenshot-175.png" width="800px"&gt;&lt;/a&gt;</msg>
<msg timestamp="20221013 11:51:04.134" level="FAIL">Element 'css=input[id='sp-cc-accept']' not visible after 5 seconds.</msg>
<status status="FAIL" starttime="20221013 11:50:58.758" endtime="20221013 11:51:04.134"/>
</kw>
<kw name="Click Element" library="SeleniumLibrary">
<arg>${cookie}</arg>
<doc>Click the element identified by ``locator``.</doc>
<status status="NOT RUN" starttime="20221013 11:51:04.135" endtime="20221013 11:51:04.135"/>
</kw>
<status status="FAIL" starttime="20221013 11:50:58.758" endtime="20221013 11:51:04.135"/>
</branch>
<branch type="EXCEPT">
<kw name="Wait Until Element Is Not Visible" library="SeleniumLibrary">
<arg>${cookie}</arg>
<doc>Waits until the element ``locator`` is not visible.</doc>
<status status="PASS" starttime="20221013 11:51:04.135" endtime="20221013 11:51:04.255"/>
</kw>
<status status="PASS" starttime="20221013 11:51:04.135" endtime="20221013 11:51:04.255"/>
</branch>
<status status="PASS" starttime="20221013 11:50:58.758" endtime="20221013 11:51:04.255"/>
</try>
<status status="PASS" starttime="20221013 11:50:58.757" endtime="20221013 11:51:04.255"/>
</kw>
<kw name="Get WebElements" library="SeleniumLibrary">
<var>@{photoCardList}</var>
<arg>${photoCard}</arg>
<doc>Returns a list of WebElement objects matching the ``locator``.</doc>
<msg timestamp="20221013 11:51:04.364" level="INFO">@{photoCardList} = [ &lt;selenium.webdriver.remote.webelement.WebElement (session="10ad53cc3453e8f3477a389b0d3497a7", element="6c61ecdf-9864-4a57-8fe3-d84c82290dcc")&gt; | &lt;selenium.webdriver.remote.webelement.WebElement (ses...</msg>
<status status="PASS" starttime="20221013 11:51:04.255" endtime="20221013 11:51:04.364"/>
</kw>
<kw name="attribute" library="utils">
<var>${value}</var>
<arg>${photoValue}</arg>
<arg>value</arg>
<kw name="Set Variable" library="BuiltIn">
<var>${COUNT}</var>
<arg>0</arg>
<doc>Returns the given values which can then be assigned to a variables.</doc>
<msg timestamp="20221013 11:51:04.365" level="INFO">${COUNT} = 0</msg>
<status status="PASS" starttime="20221013 11:51:04.365" endtime="20221013 11:51:04.365"/>
</kw>
<while condition="${COUNT}&lt;1">
<iter>
<kw name="Get Element Attribute" library="SeleniumLibrary">
<var>${value}</var>
<arg>${LOCATOR}</arg>
<arg>${TYPE}</arg>
<doc>Returns the value of ``attribute`` from the element ``locator``.</doc>
<msg timestamp="20221013 11:51:04.597" level="INFO">${value} = 4</msg>
<status status="PASS" starttime="20221013 11:51:04.365" endtime="20221013 11:51:04.597"/>
</kw>
<try>
<branch type="TRY">
<kw name="Convert To Integer" library="BuiltIn">
<var>${value}</var>
<arg>${value}</arg>
<doc>Converts the given item to an integer number.</doc>
<msg timestamp="20221013 11:51:04.598" level="INFO">${value} = 4</msg>
<status status="PASS" starttime="20221013 11:51:04.597" endtime="20221013 11:51:04.598"/>
</kw>
<kw name="Should Be Equal" library="BuiltIn">
<arg>${value}</arg>
<arg>${EMPTY}</arg>
<doc>Fails if the given objects are unequal.</doc>
<msg timestamp="20221013 11:51:04.599" level="INFO">Argument types are:
&lt;class 'int'&gt;
&lt;class 'str'&gt;</msg>
<msg timestamp="20221013 11:51:04.600" level="FAIL">4 != </msg>
<status status="FAIL" starttime="20221013 11:51:04.598" endtime="20221013 11:51:04.600"/>
</kw>
<status status="FAIL" starttime="20221013 11:51:04.597" endtime="20221013 11:51:04.601"/>
</branch>
<branch type="EXCEPT">
<kw name="Set Variable" library="BuiltIn">
<var>${COUNT}</var>
<arg>1</arg>
<doc>Returns the given values which can then be assigned to a variables.</doc>
<msg timestamp="20221013 11:51:04.601" level="INFO">${COUNT} = 1</msg>
<status status="PASS" starttime="20221013 11:51:04.601" endtime="20221013 11:51:04.601"/>
</kw>
<status status="PASS" starttime="20221013 11:51:04.601" endtime="20221013 11:51:04.602"/>
</branch>
<status status="PASS" starttime="20221013 11:51:04.597" endtime="20221013 11:51:04.602"/>
</try>
<status status="PASS" starttime="20221013 11:51:04.365" endtime="20221013 11:51:04.602"/>
</iter>
<status status="PASS" starttime="20221013 11:51:04.365" endtime="20221013 11:51:04.602"/>
</while>
<msg timestamp="20221013 11:51:04.602" level="INFO">${value} = 4</msg>
<status status="PASS" starttime="20221013 11:51:04.364" endtime="20221013 11:51:04.602"/>
</kw>
<kw name="Convert To Integer" library="BuiltIn">
<var>${value}</var>
<arg>${value}</arg>
<doc>Converts the given item to an integer number.</doc>
<msg timestamp="20221013 11:51:04.603" level="INFO">${value} = 4</msg>
<status status="PASS" starttime="20221013 11:51:04.602" endtime="20221013 11:51:04.603"/>
</kw>
<kw name="Should Be Equal" library="BuiltIn">
<arg>${value}</arg>
<arg>${INDEX}</arg>
<doc>Fails if the given objects are unequal.</doc>
<msg timestamp="20221013 11:51:04.604" level="FAIL">4 != 5</msg>
<status status="FAIL" starttime="20221013 11:51:04.603" endtime="20221013 11:51:04.604"/>
</kw>
<kw name="Get Location" library="SeleniumLibrary">
<var>${GETURL}</var>
<doc>Returns the current browser window URL.</doc>
<status status="NOT RUN" starttime="20221013 11:51:04.605" endtime="20221013 11:51:04.605"/>
</kw>
<kw name="Wait Until Element Is Visible" library="SeleniumLibrary">
<arg>${photoClickButton}</arg>
<doc>Waits until the element ``locator`` is visible.</doc>
<status status="NOT RUN" starttime="20221013 11:51:04.605" endtime="20221013 11:51:04.605"/>
</kw>
<kw name="Click Element" library="SeleniumLibrary">
<arg>${photoClickButton}</arg>
<doc>Click the element identified by ``locator``.</doc>
<status status="NOT RUN" starttime="20221013 11:51:04.605" endtime="20221013 11:51:04.605"/>
</kw>
<kw name="Get Location" library="SeleniumLibrary">
<var>${GETURL1}</var>
<doc>Returns the current browser window URL.</doc>
<status status="NOT RUN" starttime="20221013 11:51:04.605" endtime="20221013 11:51:04.605"/>
</kw>
<kw name="Go Back" library="SeleniumLibrary">
<doc>Simulates the user clicking the back button on their browser.</doc>
<status status="NOT RUN" starttime="20221013 11:51:04.606" endtime="20221013 11:51:04.606"/>
</kw>
<kw name="Should Not Be Equal" library="BuiltIn">
<arg>${GETURL}</arg>
<arg>${GETURL1}</arg>
<doc>Fails if the given objects are equal.</doc>
<status status="NOT RUN" starttime="20221013 11:51:04.606" endtime="20221013 11:51:04.606"/>
</kw>
<kw name="Set Variable" library="BuiltIn">
<var>${COUNT}</var>
<arg>1</arg>
<doc>Returns the given values which can then be assigned to a variables.</doc>
<status status="NOT RUN" starttime="20221013 11:51:04.606" endtime="20221013 11:51:04.606"/>
</kw>
<status status="FAIL" starttime="20221013 11:50:58.757" endtime="20221013 11:51:04.606"/>
</branch>
<branch type="EXCEPT">
<kw name="Get WebElements" library="SeleniumLibrary">
<var>@{photoButtonsList}</var>
<arg>${photoButtons}</arg>
<doc>Returns a list of WebElement objects matching the ``locator``.</doc>
<msg timestamp="20221013 11:51:04.722" level="INFO">@{photoButtonsList} = [ &lt;selenium.webdriver.remote.webelement.WebElement (session="10ad53cc3453e8f3477a389b0d3497a7", element="e867c5fb-45dc-4f16-a9d4-62a3ab075da6")&gt; | &lt;selenium.webdriver.remote.webelement.WebElement (ses...</msg>
<status status="PASS" starttime="20221013 11:51:04.606" endtime="20221013 11:51:04.722"/>
</kw>
<kw name="Click Element" library="SeleniumLibrary">
<arg>${photoButtonsList}[${COUNTER}]</arg>
<doc>Click the element identified by ``locator``.</doc>
<msg timestamp="20221013 11:51:04.722" level="INFO">Clicking element '&lt;selenium.webdriver.remote.webelement.WebElement (session="10ad53cc3453e8f3477a389b0d3497a7", element="d7269663-e2c0-4135-b13c-ef733290a6e9")&gt;'.</msg>
<status status="PASS" starttime="20221013 11:51:04.722" endtime="20221013 11:51:04.876"/>
</kw>
<status status="PASS" starttime="20221013 11:51:04.606" endtime="20221013 11:51:04.876"/>
</branch>
<status status="PASS" starttime="20221013 11:50:58.757" endtime="20221013 11:51:04.876"/>
</try>
<status status="PASS" starttime="20221013 11:50:58.757" endtime="20221013 11:51:04.876"/>
</iter>
<iter>
<try>
<branch type="TRY">
<kw name="cookie" library="utils">
<try>
<branch type="TRY">
<kw name="Wait Until Element Is Visible" library="SeleniumLibrary">
<arg>${cookie}</arg>
<doc>Waits until the element ``locator`` is visible.</doc>
<msg timestamp="20221013 11:51:10.317" level="INFO" html="true">&lt;/td&gt;&lt;/tr&gt;&lt;tr&gt;&lt;td colspan="3"&gt;&lt;a href="selenium-screenshot-176.png"&gt;&lt;img src="selenium-screenshot-176.png" width="800px"&gt;&lt;/a&gt;</msg>
<msg timestamp="20221013 11:51:10.318" level="FAIL">Element 'css=input[id='sp-cc-accept']' not visible after 5 seconds.</msg>
<status status="FAIL" starttime="20221013 11:51:04.877" endtime="20221013 11:51:10.318"/>
</kw>
<kw name="Click Element" library="SeleniumLibrary">
<arg>${cookie}</arg>
<doc>Click the element identified by ``locator``.</doc>
<status status="NOT RUN" starttime="20221013 11:51:10.319" endtime="20221013 11:51:10.319"/>
</kw>
<status status="FAIL" starttime="20221013 11:51:04.877" endtime="20221013 11:51:10.319"/>
</branch>
<branch type="EXCEPT">
<kw name="Wait Until Element Is Not Visible" library="SeleniumLibrary">
<arg>${cookie}</arg>
<doc>Waits until the element ``locator`` is not visible.</doc>
<status status="PASS" starttime="20221013 11:51:10.320" endtime="20221013 11:51:10.437"/>
</kw>
<status status="PASS" starttime="20221013 11:51:10.320" endtime="20221013 11:51:10.437"/>
</branch>
<status status="PASS" starttime="20221013 11:51:04.877" endtime="20221013 11:51:10.437"/>
</try>
<status status="PASS" starttime="20221013 11:51:04.876" endtime="20221013 11:51:10.437"/>
</kw>
<kw name="Get WebElements" library="SeleniumLibrary">
<var>@{photoCardList}</var>
<arg>${photoCard}</arg>
<doc>Returns a list of WebElement objects matching the ``locator``.</doc>
<msg timestamp="20221013 11:51:10.545" level="INFO">@{photoCardList} = [ &lt;selenium.webdriver.remote.webelement.WebElement (session="10ad53cc3453e8f3477a389b0d3497a7", element="4fa02a8b-e70e-4f97-9607-330d1678b7d1")&gt; | &lt;selenium.webdriver.remote.webelement.WebElement (ses...</msg>
<status status="PASS" starttime="20221013 11:51:10.438" endtime="20221013 11:51:10.545"/>
</kw>
<kw name="attribute" library="utils">
<var>${value}</var>
<arg>${photoValue}</arg>
<arg>value</arg>
<kw name="Set Variable" library="BuiltIn">
<var>${COUNT}</var>
<arg>0</arg>
<doc>Returns the given values which can then be assigned to a variables.</doc>
<msg timestamp="20221013 11:51:10.546" level="INFO">${COUNT} = 0</msg>
<status status="PASS" starttime="20221013 11:51:10.546" endtime="20221013 11:51:10.546"/>
</kw>
<while condition="${COUNT}&lt;1">
<iter>
<kw name="Get Element Attribute" library="SeleniumLibrary">
<var>${value}</var>
<arg>${LOCATOR}</arg>
<arg>${TYPE}</arg>
<doc>Returns the value of ``attribute`` from the element ``locator``.</doc>
<msg timestamp="20221013 11:51:10.765" level="INFO">${value} = 5</msg>
<status status="PASS" starttime="20221013 11:51:10.546" endtime="20221013 11:51:10.765"/>
</kw>
<try>
<branch type="TRY">
<kw name="Convert To Integer" library="BuiltIn">
<var>${value}</var>
<arg>${value}</arg>
<doc>Converts the given item to an integer number.</doc>
<msg timestamp="20221013 11:51:10.766" level="INFO">${value} = 5</msg>
<status status="PASS" starttime="20221013 11:51:10.765" endtime="20221013 11:51:10.766"/>
</kw>
<kw name="Should Be Equal" library="BuiltIn">
<arg>${value}</arg>
<arg>${EMPTY}</arg>
<doc>Fails if the given objects are unequal.</doc>
<msg timestamp="20221013 11:51:10.767" level="INFO">Argument types are:
&lt;class 'int'&gt;
&lt;class 'str'&gt;</msg>
<msg timestamp="20221013 11:51:10.767" level="FAIL">5 != </msg>
<status status="FAIL" starttime="20221013 11:51:10.766" endtime="20221013 11:51:10.767"/>
</kw>
<status status="FAIL" starttime="20221013 11:51:10.765" endtime="20221013 11:51:10.767"/>
</branch>
<branch type="EXCEPT">
<kw name="Set Variable" library="BuiltIn">
<var>${COUNT}</var>
<arg>1</arg>
<doc>Returns the given values which can then be assigned to a variables.</doc>
<msg timestamp="20221013 11:51:10.768" level="INFO">${COUNT} = 1</msg>
<status status="PASS" starttime="20221013 11:51:10.767" endtime="20221013 11:51:10.768"/>
</kw>
<status status="PASS" starttime="20221013 11:51:10.767" endtime="20221013 11:51:10.768"/>
</branch>
<status status="PASS" starttime="20221013 11:51:10.765" endtime="20221013 11:51:10.768"/>
</try>
<status status="PASS" starttime="20221013 11:51:10.546" endtime="20221013 11:51:10.768"/>
</iter>
<status status="PASS" starttime="20221013 11:51:10.546" endtime="20221013 11:51:10.768"/>
</while>
<msg timestamp="20221013 11:51:10.768" level="INFO">${value} = 5</msg>
<status status="PASS" starttime="20221013 11:51:10.545" endtime="20221013 11:51:10.768"/>
</kw>
<kw name="Convert To Integer" library="BuiltIn">
<var>${value}</var>
<arg>${value}</arg>
<doc>Converts the given item to an integer number.</doc>
<msg timestamp="20221013 11:51:10.769" level="INFO">${value} = 5</msg>
<status status="PASS" starttime="20221013 11:51:10.768" endtime="20221013 11:51:10.769"/>
</kw>
<kw name="Should Be Equal" library="BuiltIn">
<arg>${value}</arg>
<arg>${INDEX}</arg>
<doc>Fails if the given objects are unequal.</doc>
<status status="PASS" starttime="20221013 11:51:10.769" endtime="20221013 11:51:10.769"/>
</kw>
<kw name="Get Location" library="SeleniumLibrary">
<var>${GETURL}</var>
<doc>Returns the current browser window URL.</doc>
<msg timestamp="20221013 11:51:10.887" level="INFO">${GETURL} = https://www.amazon.com.tr/</msg>
<status status="PASS" starttime="20221013 11:51:10.769" endtime="20221013 11:51:10.887"/>
</kw>
<kw name="Wait Until Element Is Visible" library="SeleniumLibrary">
<arg>${photoClickButton}</arg>
<doc>Waits until the element ``locator`` is visible.</doc>
<status status="PASS" starttime="20221013 11:51:10.887" endtime="20221013 11:51:11.149"/>
</kw>
<kw name="Click Element" library="SeleniumLibrary">
<arg>${photoClickButton}</arg>
<doc>Click the element identified by ``locator``.</doc>
<msg timestamp="20221013 11:51:11.149" level="INFO">Clicking element 'css=div[class='a-row a-carousel-controls a-carousel-row a-carousel-has-buttons a-carousel-overlay-buttons a-carousel-rounded-buttons']'.</msg>
<status status="PASS" starttime="20221013 11:51:11.149" endtime="20221013 11:51:12.805"/>
</kw>
<kw name="Get Location" library="SeleniumLibrary">
<var>${GETURL1}</var>
<doc>Returns the current browser window URL.</doc>
<msg timestamp="20221013 11:51:12.944" level="INFO">${GETURL1} = https://www.amazon.com.tr/b/?_encoding=UTF8&amp;node=27954586031&amp;pf_rd_r=VJJXCNZZMAZY67A4DAX6&amp;pf_rd_p=c7673e57-bc4a-4ca7-9686-adb91743cac3&amp;pd_rd_r=e95a858b-5c25-4605-abba-6099aaaeb091&amp;pd_rd_w=9RY0M&amp;pd_rd_...</msg>
<status status="PASS" starttime="20221013 11:51:12.805" endtime="20221013 11:51:12.944"/>
</kw>
<kw name="Go Back" library="SeleniumLibrary">
<doc>Simulates the user clicking the back button on their browser.</doc>
<status status="PASS" starttime="20221013 11:51:12.944" endtime="20221013 11:51:13.755"/>
</kw>
<kw name="Should Not Be Equal" library="BuiltIn">
<arg>${GETURL}</arg>
<arg>${GETURL1}</arg>
<doc>Fails if the given objects are equal.</doc>
<status status="PASS" starttime="20221013 11:51:13.755" endtime="20221013 11:51:13.756"/>
</kw>
<kw name="Set Variable" library="BuiltIn">
<var>${COUNT}</var>
<arg>1</arg>
<doc>Returns the given values which can then be assigned to a variables.</doc>
<msg timestamp="20221013 11:51:13.756" level="INFO">${COUNT} = 1</msg>
<status status="PASS" starttime="20221013 11:51:13.756" endtime="20221013 11:51:13.756"/>
</kw>
<status status="PASS" starttime="20221013 11:51:04.876" endtime="20221013 11:51:13.756"/>
</branch>
<branch type="EXCEPT">
<kw name="Get WebElements" library="SeleniumLibrary">
<var>@{photoButtonsList}</var>
<arg>${photoButtons}</arg>
<doc>Returns a list of WebElement objects matching the ``locator``.</doc>
<status status="NOT RUN" starttime="20221013 11:51:13.756" endtime="20221013 11:51:13.756"/>
</kw>
<kw name="Click Element" library="SeleniumLibrary">
<arg>${photoButtonsList}[${COUNTER}]</arg>
<doc>Click the element identified by ``locator``.</doc>
<status status="NOT RUN" starttime="20221013 11:51:13.756" endtime="20221013 11:51:13.757"/>
</kw>
<status status="NOT RUN" starttime="20221013 11:51:13.756" endtime="20221013 11:51:13.757"/>
</branch>
<status status="PASS" starttime="20221013 11:51:04.876" endtime="20221013 11:51:13.757"/>
</try>
<status status="PASS" starttime="20221013 11:51:04.876" endtime="20221013 11:51:13.757"/>
</iter>
<status status="PASS" starttime="20221013 11:50:44.545" endtime="20221013 11:51:13.757"/>
</while>
<status status="PASS" starttime="20221013 11:50:44.544" endtime="20221013 11:51:13.757"/>
</iter>
<status status="PASS" starttime="20221013 11:49:11.976" endtime="20221013 11:51:13.757"/>
</for>
<status status="PASS" starttime="20221013 11:49:11.976" endtime="20221013 11:51:13.757"/>
</iter>
<status status="PASS" starttime="20221013 11:46:46.896" endtime="20221013 11:51:13.757"/>
</for>
<status status="PASS" starttime="20221013 11:46:46.085" endtime="20221013 11:51:13.757"/>
</kw>
<status status="PASS" starttime="20221013 11:46:40.457" endtime="20221013 11:51:13.757"/>
</kw>
<kw name="close session" library="utilsApp" type="TEARDOWN">
<kw name="Close All Browsers" library="SeleniumLibrary">
<doc>Closes all open browsers and resets the browser cache.</doc>
<status status="PASS" starttime="20221013 11:51:13.758" endtime="20221013 11:51:16.056"/>
</kw>
<status status="PASS" starttime="20221013 11:51:13.758" endtime="20221013 11:51:16.056"/>
</kw>
<status status="PASS" starttime="20221013 11:46:38.699" endtime="20221013 11:51:16.057"/>
</test>
<status status="PASS" starttime="20221013 11:46:38.428" endtime="20221013 11:51:16.062"/>
</suite>
<statistics>
<total>
<stat pass="1" fail="0" skip="0">All Tests</stat>
</total>
<tag>
</tag>
<suite>
<stat pass="1" fail="0" skip="0" id="s1" name="amazonTest">amazonTest</stat>
</suite>
</statistics>
<errors>
</errors>
</robot>
